<?xml version="1.0" encoding="UTF-8"?>
<coverage generated="1591385837537" clover="3.2.0">
  <project timestamp="1591385837537" name="All files">
    <metrics statements="130" coveredstatements="129" conditionals="37" coveredconditionals="36" methods="34" coveredmethods="34" elements="201" coveredelements="199" complexity="0" loc="130" ncloc="130" packages="12" files="25" classes="25"/>
    <package name="src">
      <metrics statements="9" coveredstatements="9" conditionals="2" coveredconditionals="2" methods="3" coveredmethods="3"/>
      <file name="App.js" path="D:\CondorTrabajoenCasa\newsreact\src\App.js">
        <metrics statements="5" coveredstatements="5" conditionals="0" coveredconditionals="0" methods="2" coveredmethods="2"/>
        <line num="20" count="2" type="stmt"/>
        <line num="22" count="2" type="stmt"/>
        <line num="23" count="2" type="stmt"/>
        <line num="24" count="1" type="stmt"/>
        <line num="27" count="2" type="stmt"/>
      </file>
      <file name="index.js" path="D:\CondorTrabajoenCasa\newsreact\src\index.js">
        <metrics statements="4" coveredstatements="4" conditionals="2" coveredconditionals="2" methods="1" coveredmethods="1"/>
        <line num="6" count="2" type="stmt"/>
        <line num="7" count="2" type="cond" truecount="2" falsecount="0"/>
        <line num="8" count="1" type="stmt"/>
        <line num="11" count="1" type="stmt"/>
      </file>
    </package>
    <package name="src.components.formContainer">
      <metrics statements="53" coveredstatements="52" conditionals="14" coveredconditionals="13" methods="10" coveredmethods="10"/>
      <file name="formContainer.js" path="D:\CondorTrabajoenCasa\newsreact\src\components\formContainer\formContainer.js">
        <metrics statements="52" coveredstatements="51" conditionals="14" coveredconditionals="13" methods="10" coveredmethods="10"/>
        <line num="11" count="4" type="stmt"/>
        <line num="12" count="112" type="stmt"/>
        <line num="13" count="112" type="stmt"/>
        <line num="14" count="112" type="stmt"/>
        <line num="15" count="112" type="stmt"/>
        <line num="16" count="112" type="stmt"/>
        <line num="17" count="30" type="stmt"/>
        <line num="18" count="30" type="stmt"/>
        <line num="19" count="30" type="stmt"/>
        <line num="20" count="30" type="stmt"/>
        <line num="24" count="30" type="cond" truecount="2" falsecount="0"/>
        <line num="25" count="22" type="stmt"/>
        <line num="30" count="30" type="cond" truecount="4" falsecount="0"/>
        <line num="31" count="18" type="stmt"/>
        <line num="34" count="112" type="stmt"/>
        <line num="35" count="1" type="stmt"/>
        <line num="40" count="112" type="stmt"/>
        <line num="41" count="55" type="cond" truecount="2" falsecount="0"/>
        <line num="42" count="46" type="stmt"/>
        <line num="46" count="46" type="stmt"/>
        <line num="48" count="9" type="stmt"/>
        <line num="52" count="9" type="stmt"/>
        <line num="55" count="112" type="stmt"/>
        <line num="56" count="40" type="cond" truecount="2" falsecount="0"/>
        <line num="57" count="24" type="stmt"/>
        <line num="61" count="24" type="stmt"/>
        <line num="63" count="16" type="stmt"/>
        <line num="67" count="16" type="stmt"/>
        <line num="70" count="112" type="stmt"/>
        <line num="71" count="11" type="stmt"/>
        <line num="72" count="11" type="stmt"/>
        <line num="73" count="11" type="stmt"/>
        <line num="74" count="11" type="stmt"/>
        <line num="75" count="11" type="stmt"/>
        <line num="76" count="11" type="stmt"/>
        <line num="77" count="11" type="stmt"/>
        <line num="78" count="11" type="stmt"/>
        <line num="79" count="11" type="stmt"/>
        <line num="80" count="11" type="stmt"/>
        <line num="81" count="55" type="cond" truecount="2" falsecount="0"/>
        <line num="82" count="49" type="stmt"/>
        <line num="83" count="49" type="stmt"/>
        <line num="86" count="11" type="stmt"/>
        <line num="87" count="11" type="cond" truecount="1" falsecount="1"/>
        <line num="88" count="0" type="stmt"/>
        <line num="99" count="11" type="stmt"/>
        <line num="101" count="112" type="stmt"/>
        <line num="182" count="4" type="stmt"/>
        <line num="183" count="101" type="stmt"/>
        <line num="187" count="4" type="stmt"/>
        <line num="188" count="16" type="stmt"/>
        <line num="199" count="11" type="stmt"/>
      </file>
      <file name="formData.js" path="D:\CondorTrabajoenCasa\newsreact\src\components\formContainer\formData.js">
        <metrics statements="1" coveredstatements="1" conditionals="0" coveredconditionals="0" methods="0" coveredmethods="0"/>
        <line num="1" count="4" type="stmt"/>
      </file>
      <file name="index.js" path="D:\CondorTrabajoenCasa\newsreact\src\components\formContainer\index.js">
        <metrics statements="0" coveredstatements="0" conditionals="0" coveredconditionals="0" methods="0" coveredmethods="0"/>
      </file>
    </package>
    <package name="src.components.header">
      <metrics statements="2" coveredstatements="2" conditionals="0" coveredconditionals="0" methods="1" coveredmethods="1"/>
      <file name="header.js" path="D:\CondorTrabajoenCasa\newsreact\src\components\header\header.js">
        <metrics statements="2" coveredstatements="2" conditionals="0" coveredconditionals="0" methods="1" coveredmethods="1"/>
        <line num="11" count="3" type="stmt"/>
        <line num="12" count="3" type="stmt"/>
      </file>
      <file name="index.js" path="D:\CondorTrabajoenCasa\newsreact\src\components\header\index.js">
        <metrics statements="0" coveredstatements="0" conditionals="0" coveredconditionals="0" methods="0" coveredmethods="0"/>
      </file>
    </package>
    <package name="src.components.modalForm">
      <metrics statements="10" coveredstatements="10" conditionals="0" coveredconditionals="0" methods="5" coveredmethods="5"/>
      <file name="index.js" path="D:\CondorTrabajoenCasa\newsreact\src\components\modalForm\index.js">
        <metrics statements="0" coveredstatements="0" conditionals="0" coveredconditionals="0" methods="0" coveredmethods="0"/>
      </file>
      <file name="modalForm.js" path="D:\CondorTrabajoenCasa\newsreact\src\components\modalForm\modalForm.js">
        <metrics statements="10" coveredstatements="10" conditionals="0" coveredconditionals="0" methods="5" coveredmethods="5"/>
        <line num="5" count="3" type="stmt"/>
        <line num="14" count="10" type="stmt"/>
        <line num="16" count="10" type="stmt"/>
        <line num="17" count="1" type="stmt"/>
        <line num="20" count="10" type="stmt"/>
        <line num="50" count="3" type="stmt"/>
        <line num="51" count="11" type="stmt"/>
        <line num="56" count="3" type="stmt"/>
        <line num="57" count="6" type="stmt"/>
        <line num="59" count="1" type="stmt"/>
      </file>
    </package>
    <package name="src.components.news">
      <metrics statements="6" coveredstatements="6" conditionals="2" coveredconditionals="2" methods="1" coveredmethods="1"/>
      <file name="index.js" path="D:\CondorTrabajoenCasa\newsreact\src\components\news\index.js">
        <metrics statements="0" coveredstatements="0" conditionals="0" coveredconditionals="0" methods="0" coveredmethods="0"/>
      </file>
      <file name="news.js" path="D:\CondorTrabajoenCasa\newsreact\src\components\news\news.js">
        <metrics statements="6" coveredstatements="6" conditionals="2" coveredconditionals="2" methods="1" coveredmethods="1"/>
        <line num="4" count="5" type="stmt"/>
        <line num="5" count="10" type="stmt"/>
        <line num="6" count="10" type="stmt"/>
        <line num="8" count="10" type="cond" truecount="2" falsecount="0"/>
        <line num="9" count="1" type="stmt"/>
        <line num="13" count="10" type="stmt"/>
      </file>
    </package>
    <package name="src.components.newsContainer">
      <metrics statements="5" coveredstatements="5" conditionals="4" coveredconditionals="4" methods="2" coveredmethods="2"/>
      <file name="index.js" path="D:\CondorTrabajoenCasa\newsreact\src\components\newsContainer\index.js">
        <metrics statements="0" coveredstatements="0" conditionals="0" coveredconditionals="0" methods="0" coveredmethods="0"/>
      </file>
      <file name="newsContainer.js" path="D:\CondorTrabajoenCasa\newsreact\src\components\newsContainer\newsContainer.js">
        <metrics statements="5" coveredstatements="5" conditionals="4" coveredconditionals="4" methods="2" coveredmethods="2"/>
        <line num="6" count="4" type="stmt"/>
        <line num="7" count="11" type="stmt"/>
        <line num="8" count="11" type="stmt"/>
        <line num="11" count="11" type="stmt"/>
        <line num="17" count="40" type="cond" truecount="2" falsecount="0"/>
      </file>
    </package>
    <package name="src.components.notice">
      <metrics statements="6" coveredstatements="6" conditionals="2" coveredconditionals="2" methods="2" coveredmethods="2"/>
      <file name="index.js" path="D:\CondorTrabajoenCasa\newsreact\src\components\notice\index.js">
        <metrics statements="0" coveredstatements="0" conditionals="0" coveredconditionals="0" methods="0" coveredmethods="0"/>
      </file>
      <file name="notice.js" path="D:\CondorTrabajoenCasa\newsreact\src\components\notice\notice.js">
        <metrics statements="6" coveredstatements="6" conditionals="2" coveredconditionals="2" methods="2" coveredmethods="2"/>
        <line num="4" count="3" type="stmt"/>
        <line num="5" count="4" type="stmt"/>
        <line num="6" count="4" type="stmt"/>
        <line num="7" count="1" type="stmt"/>
        <line num="8" count="1" type="stmt"/>
        <line num="11" count="4" type="stmt"/>
      </file>
    </package>
    <package name="src.components.subscribe">
      <metrics statements="2" coveredstatements="2" conditionals="0" coveredconditionals="0" methods="1" coveredmethods="1"/>
      <file name="index.js" path="D:\CondorTrabajoenCasa\newsreact\src\components\subscribe\index.js">
        <metrics statements="0" coveredstatements="0" conditionals="0" coveredconditionals="0" methods="0" coveredmethods="0"/>
      </file>
      <file name="subscribe.js" path="D:\CondorTrabajoenCasa\newsreact\src\components\subscribe\subscribe.js">
        <metrics statements="2" coveredstatements="2" conditionals="0" coveredconditionals="0" methods="1" coveredmethods="1"/>
        <line num="4" count="3" type="stmt"/>
        <line num="5" count="3" type="stmt"/>
      </file>
    </package>
    <package name="src.controllers">
      <metrics statements="24" coveredstatements="24" conditionals="9" coveredconditionals="9" methods="6" coveredmethods="6"/>
      <file name="data.js" path="D:\CondorTrabajoenCasa\newsreact\src\controllers\data.js">
        <metrics statements="1" coveredstatements="1" conditionals="0" coveredconditionals="0" methods="0" coveredmethods="0"/>
        <line num="1" count="1" type="stmt"/>
      </file>
      <file name="inputsController.js" path="D:\CondorTrabajoenCasa\newsreact\src\controllers\inputsController.js">
        <metrics statements="4" coveredstatements="4" conditionals="2" coveredconditionals="2" methods="1" coveredmethods="1"/>
        <line num="1" count="5" type="stmt"/>
        <line num="2" count="57" type="cond" truecount="2" falsecount="0"/>
        <line num="3" count="47" type="stmt"/>
        <line num="5" count="10" type="stmt"/>
      </file>
      <file name="regularExpresion.js" path="D:\CondorTrabajoenCasa\newsreact\src\controllers\regularExpresion.js">
        <metrics statements="9" coveredstatements="9" conditionals="7" coveredconditionals="7" methods="1" coveredmethods="1"/>
        <line num="1" count="5" type="stmt"/>
        <line num="2" count="51" type="cond" truecount="3" falsecount="0"/>
        <line num="4" count="23" type="cond" truecount="2" falsecount="0"/>
        <line num="5" count="11" type="stmt"/>
        <line num="7" count="12" type="stmt"/>
        <line num="11" count="24" type="cond" truecount="2" falsecount="0"/>
        <line num="16" count="7" type="stmt"/>
        <line num="18" count="17" type="stmt"/>
        <line num="22" count="4" type="stmt"/>
      </file>
      <file name="useFetch.js" path="D:\CondorTrabajoenCasa\newsreact\src\controllers\useFetch.js">
        <metrics statements="10" coveredstatements="10" conditionals="0" coveredconditionals="0" methods="4" coveredmethods="4"/>
        <line num="4" count="4" type="stmt"/>
        <line num="5" count="11" type="stmt"/>
        <line num="6" count="11" type="stmt"/>
        <line num="8" count="11" type="stmt"/>
        <line num="9" count="4" type="stmt"/>
        <line num="10" count="4" type="stmt"/>
        <line num="11" count="4" type="stmt"/>
        <line num="13" count="4" type="stmt"/>
        <line num="14" count="2" type="stmt"/>
        <line num="18" count="11" type="stmt"/>
      </file>
    </package>
    <package name="src.redux">
      <metrics statements="1" coveredstatements="1" conditionals="0" coveredconditionals="0" methods="0" coveredmethods="0"/>
      <file name="store.js" path="D:\CondorTrabajoenCasa\newsreact\src\redux\store.js">
        <metrics statements="1" coveredstatements="1" conditionals="0" coveredconditionals="0" methods="0" coveredmethods="0"/>
        <line num="4" count="4" type="stmt"/>
      </file>
    </package>
    <package name="src.redux.actions">
      <metrics statements="6" coveredstatements="6" conditionals="0" coveredconditionals="0" methods="2" coveredmethods="2"/>
      <file name="infoFormActions.js" path="D:\CondorTrabajoenCasa\newsreact\src\redux\actions\infoFormActions.js">
        <metrics statements="6" coveredstatements="6" conditionals="0" coveredconditionals="0" methods="2" coveredmethods="2"/>
        <line num="1" count="5" type="stmt"/>
        <line num="2" count="5" type="stmt"/>
        <line num="4" count="5" type="stmt"/>
        <line num="5" count="1" type="stmt"/>
        <line num="10" count="5" type="stmt"/>
        <line num="11" count="1" type="stmt"/>
      </file>
    </package>
    <package name="src.redux.reducers">
      <metrics statements="6" coveredstatements="6" conditionals="4" coveredconditionals="4" methods="1" coveredmethods="1"/>
      <file name="index.js" path="D:\CondorTrabajoenCasa\newsreact\src\redux\reducers\index.js">
        <metrics statements="0" coveredstatements="0" conditionals="0" coveredconditionals="0" methods="0" coveredmethods="0"/>
      </file>
      <file name="infoForm.js" path="D:\CondorTrabajoenCasa\newsreact\src\redux\reducers\infoForm.js">
        <metrics statements="6" coveredstatements="6" conditionals="4" coveredconditionals="4" methods="1" coveredmethods="1"/>
        <line num="3" count="4" type="stmt"/>
        <line num="14" count="4" type="cond" truecount="1" falsecount="0"/>
        <line num="15" count="16" type="cond" truecount="3" falsecount="0"/>
        <line num="17" count="11" type="stmt"/>
        <line num="27" count="1" type="stmt"/>
        <line num="32" count="4" type="stmt"/>
      </file>
    </package>
  </project>
</coverage>
