<?xml version="1.0" encoding="UTF-8"?>
<coverage generated="1591296378984" clover="3.2.0">
  <project timestamp="1591296378984" name="All files">
    <metrics statements="165" coveredstatements="159" conditionals="59" coveredconditionals="56" methods="33" coveredmethods="29" elements="257" coveredelements="244" complexity="0" loc="165" ncloc="165" packages="12" files="24" classes="24"/>
    <package name="src">
      <metrics statements="8" coveredstatements="6" conditionals="2" coveredconditionals="1" methods="3" coveredmethods="2"/>
      <file name="App.js" path="D:\CondorTrabajoenCasa\newsreact\src\App.js">
        <metrics statements="4" coveredstatements="3" conditionals="0" coveredconditionals="0" methods="2" coveredmethods="1"/>
        <line num="20" count="1" type="stmt"/>
        <line num="21" count="1" type="stmt"/>
        <line num="22" count="0" type="stmt"/>
        <line num="25" count="1" type="stmt"/>
      </file>
      <file name="index.js" path="D:\CondorTrabajoenCasa\newsreact\src\index.js">
        <metrics statements="4" coveredstatements="3" conditionals="2" coveredconditionals="1" methods="1" coveredmethods="1"/>
        <line num="5" count="1" type="stmt"/>
        <line num="7" count="2" type="cond" truecount="1" falsecount="1"/>
        <line num="8" count="0" type="stmt"/>
        <line num="11" count="1" type="stmt"/>
      </file>
    </package>
    <package name="src.components.formContainer">
      <metrics statements="90" coveredstatements="90" conditionals="36" coveredconditionals="36" methods="9" coveredmethods="9"/>
      <file name="formContainer.js" path="D:\CondorTrabajoenCasa\newsreact\src\components\formContainer\formContainer.js">
        <metrics statements="89" coveredstatements="89" conditionals="36" coveredconditionals="36" methods="9" coveredmethods="9"/>
        <line num="8" count="4" type="stmt"/>
        <line num="9" count="106" type="stmt"/>
        <line num="10" count="106" type="stmt"/>
        <line num="11" count="106" type="stmt"/>
        <line num="12" count="106" type="stmt"/>
        <line num="13" count="106" type="stmt"/>
        <line num="14" count="106" type="stmt"/>
        <line num="16" count="106" type="stmt"/>
        <line num="17" count="44" type="stmt"/>
        <line num="18" count="44" type="stmt"/>
        <line num="22" count="44" type="cond" truecount="2" falsecount="0"/>
        <line num="23" count="37" type="cond" truecount="5" falsecount="0"/>
        <line num="25" count="7" type="stmt"/>
        <line num="26" count="7" type="stmt"/>
        <line num="28" count="7" type="stmt"/>
        <line num="29" count="7" type="stmt"/>
        <line num="31" count="10" type="stmt"/>
        <line num="32" count="10" type="stmt"/>
        <line num="34" count="10" type="stmt"/>
        <line num="35" count="10" type="stmt"/>
        <line num="37" count="3" type="stmt"/>
        <line num="38" count="3" type="stmt"/>
        <line num="41" count="44" type="cond" truecount="2" falsecount="0"/>
        <line num="43" count="11" type="stmt"/>
        <line num="44" count="11" type="stmt"/>
        <line num="46" count="33" type="stmt"/>
        <line num="47" count="33" type="stmt"/>
        <line num="50" count="106" type="stmt"/>
        <line num="51" count="1" type="stmt"/>
        <line num="52" count="1" type="stmt"/>
        <line num="57" count="106" type="stmt"/>
        <line num="58" count="65" type="cond" truecount="2" falsecount="0"/>
        <line num="59" count="56" type="cond" truecount="5" falsecount="0"/>
        <line num="61" count="12" type="stmt"/>
        <line num="64" count="12" type="stmt"/>
        <line num="66" count="12" type="stmt"/>
        <line num="69" count="12" type="stmt"/>
        <line num="71" count="11" type="stmt"/>
        <line num="74" count="11" type="stmt"/>
        <line num="76" count="10" type="stmt"/>
        <line num="79" count="10" type="stmt"/>
        <line num="81" count="11" type="stmt"/>
        <line num="84" count="11" type="stmt"/>
        <line num="86" count="56" type="stmt"/>
        <line num="88" count="9" type="cond" truecount="5" falsecount="0"/>
        <line num="90" count="1" type="stmt"/>
        <line num="91" count="1" type="stmt"/>
        <line num="93" count="1" type="stmt"/>
        <line num="94" count="1" type="stmt"/>
        <line num="96" count="2" type="stmt"/>
        <line num="97" count="2" type="stmt"/>
        <line num="99" count="3" type="stmt"/>
        <line num="100" count="3" type="stmt"/>
        <line num="102" count="2" type="stmt"/>
        <line num="103" count="2" type="stmt"/>
        <line num="105" count="9" type="stmt"/>
        <line num="108" count="106" type="stmt"/>
        <line num="109" count="70" type="cond" truecount="2" falsecount="0"/>
        <line num="110" count="29" type="cond" truecount="2" falsecount="0"/>
        <line num="112" count="15" type="stmt"/>
        <line num="115" count="15" type="stmt"/>
        <line num="117" count="14" type="stmt"/>
        <line num="120" count="14" type="stmt"/>
        <line num="122" count="29" type="stmt"/>
        <line num="124" count="41" type="cond" truecount="2" falsecount="0"/>
        <line num="126" count="9" type="stmt"/>
        <line num="127" count="9" type="stmt"/>
        <line num="129" count="32" type="stmt"/>
        <line num="130" count="32" type="stmt"/>
        <line num="132" count="41" type="stmt"/>
        <line num="135" count="106" type="stmt"/>
        <line num="136" count="13" type="stmt"/>
        <line num="137" count="13" type="stmt"/>
        <line num="141" count="13" type="stmt"/>
        <line num="142" count="13" type="stmt"/>
        <line num="146" count="13" type="stmt"/>
        <line num="147" count="13" type="stmt"/>
        <line num="151" count="13" type="stmt"/>
        <line num="155" count="13" type="stmt"/>
        <line num="159" count="13" type="cond" truecount="2" falsecount="0"/>
        <line num="168" count="4" type="stmt"/>
        <line num="171" count="9" type="stmt"/>
        <line num="181" count="9" type="stmt"/>
        <line num="183" count="106" type="stmt"/>
        <line num="261" count="4" type="stmt"/>
        <line num="262" count="90" type="stmt"/>
        <line num="266" count="4" type="stmt"/>
        <line num="267" count="16" type="stmt"/>
        <line num="278" count="9" type="stmt"/>
      </file>
      <file name="formData.js" path="D:\CondorTrabajoenCasa\newsreact\src\components\formContainer\formData.js">
        <metrics statements="1" coveredstatements="1" conditionals="0" coveredconditionals="0" methods="0" coveredmethods="0"/>
        <line num="1" count="4" type="stmt"/>
      </file>
      <file name="index.js" path="D:\CondorTrabajoenCasa\newsreact\src\components\formContainer\index.js">
        <metrics statements="0" coveredstatements="0" conditionals="0" coveredconditionals="0" methods="0" coveredmethods="0"/>
      </file>
    </package>
    <package name="src.components.header">
      <metrics statements="2" coveredstatements="2" conditionals="0" coveredconditionals="0" methods="1" coveredmethods="1"/>
      <file name="header.js" path="D:\CondorTrabajoenCasa\newsreact\src\components\header\header.js">
        <metrics statements="2" coveredstatements="2" conditionals="0" coveredconditionals="0" methods="1" coveredmethods="1"/>
        <line num="11" count="3" type="stmt"/>
        <line num="12" count="2" type="stmt"/>
      </file>
      <file name="index.js" path="D:\CondorTrabajoenCasa\newsreact\src\components\header\index.js">
        <metrics statements="0" coveredstatements="0" conditionals="0" coveredconditionals="0" methods="0" coveredmethods="0"/>
      </file>
    </package>
    <package name="src.components.modalForm">
      <metrics statements="10" coveredstatements="10" conditionals="0" coveredconditionals="0" methods="5" coveredmethods="5"/>
      <file name="index.js" path="D:\CondorTrabajoenCasa\newsreact\src\components\modalForm\index.js">
        <metrics statements="0" coveredstatements="0" conditionals="0" coveredconditionals="0" methods="0" coveredmethods="0"/>
      </file>
      <file name="modalForm.js" path="D:\CondorTrabajoenCasa\newsreact\src\components\modalForm\modalForm.js">
        <metrics statements="10" coveredstatements="10" conditionals="0" coveredconditionals="0" methods="5" coveredmethods="5"/>
        <line num="5" count="3" type="stmt"/>
        <line num="14" count="9" type="stmt"/>
        <line num="16" count="9" type="stmt"/>
        <line num="17" count="1" type="stmt"/>
        <line num="20" count="9" type="stmt"/>
        <line num="50" count="3" type="stmt"/>
        <line num="51" count="10" type="stmt"/>
        <line num="56" count="3" type="stmt"/>
        <line num="57" count="5" type="stmt"/>
        <line num="59" count="1" type="stmt"/>
      </file>
    </package>
    <package name="src.components.news">
      <metrics statements="6" coveredstatements="6" conditionals="2" coveredconditionals="2" methods="1" coveredmethods="1"/>
      <file name="index.js" path="D:\CondorTrabajoenCasa\newsreact\src\components\news\index.js">
        <metrics statements="0" coveredstatements="0" conditionals="0" coveredconditionals="0" methods="0" coveredmethods="0"/>
      </file>
      <file name="news.js" path="D:\CondorTrabajoenCasa\newsreact\src\components\news\news.js">
        <metrics statements="6" coveredstatements="6" conditionals="2" coveredconditionals="2" methods="1" coveredmethods="1"/>
        <line num="4" count="5" type="stmt"/>
        <line num="5" count="2" type="stmt"/>
        <line num="6" count="2" type="stmt"/>
        <line num="8" count="2" type="cond" truecount="2" falsecount="0"/>
        <line num="9" count="1" type="stmt"/>
        <line num="13" count="2" type="stmt"/>
      </file>
    </package>
    <package name="src.components.newsContainer">
      <metrics statements="5" coveredstatements="4" conditionals="4" coveredconditionals="2" methods="2" coveredmethods="1"/>
      <file name="index.js" path="D:\CondorTrabajoenCasa\newsreact\src\components\newsContainer\index.js">
        <metrics statements="0" coveredstatements="0" conditionals="0" coveredconditionals="0" methods="0" coveredmethods="0"/>
      </file>
      <file name="newsContainer.js" path="D:\CondorTrabajoenCasa\newsreact\src\components\newsContainer\newsContainer.js">
        <metrics statements="5" coveredstatements="4" conditionals="4" coveredconditionals="2" methods="2" coveredmethods="1"/>
        <line num="6" count="4" type="stmt"/>
        <line num="7" count="5" type="stmt"/>
        <line num="8" count="5" type="stmt"/>
        <line num="12" count="5" type="stmt"/>
        <line num="18" count="0" type="cond" truecount="0" falsecount="2"/>
      </file>
    </package>
    <package name="src.components.notice">
      <metrics statements="6" coveredstatements="6" conditionals="2" coveredconditionals="2" methods="2" coveredmethods="2"/>
      <file name="index.js" path="D:\CondorTrabajoenCasa\newsreact\src\components\notice\index.js">
        <metrics statements="0" coveredstatements="0" conditionals="0" coveredconditionals="0" methods="0" coveredmethods="0"/>
      </file>
      <file name="notice.js" path="D:\CondorTrabajoenCasa\newsreact\src\components\notice\notice.js">
        <metrics statements="6" coveredstatements="6" conditionals="2" coveredconditionals="2" methods="2" coveredmethods="2"/>
        <line num="4" count="3" type="stmt"/>
        <line num="5" count="3" type="stmt"/>
        <line num="6" count="3" type="stmt"/>
        <line num="7" count="1" type="stmt"/>
        <line num="8" count="1" type="stmt"/>
        <line num="11" count="3" type="stmt"/>
      </file>
    </package>
    <package name="src.components.subscribe">
      <metrics statements="2" coveredstatements="2" conditionals="0" coveredconditionals="0" methods="1" coveredmethods="1"/>
      <file name="index.js" path="D:\CondorTrabajoenCasa\newsreact\src\components\subscribe\index.js">
        <metrics statements="0" coveredstatements="0" conditionals="0" coveredconditionals="0" methods="0" coveredmethods="0"/>
      </file>
      <file name="subscribe.js" path="D:\CondorTrabajoenCasa\newsreact\src\components\subscribe\subscribe.js">
        <metrics statements="2" coveredstatements="2" conditionals="0" coveredconditionals="0" methods="1" coveredmethods="1"/>
        <line num="4" count="3" type="stmt"/>
        <line num="5" count="2" type="stmt"/>
      </file>
    </package>
    <package name="src.controllers">
      <metrics statements="23" coveredstatements="20" conditionals="9" coveredconditionals="9" methods="6" coveredmethods="4"/>
      <file name="inputsController.js" path="D:\CondorTrabajoenCasa\newsreact\src\controllers\inputsController.js">
        <metrics statements="4" coveredstatements="4" conditionals="2" coveredconditionals="2" methods="1" coveredmethods="1"/>
        <line num="1" count="5" type="stmt"/>
        <line num="2" count="67" type="cond" truecount="2" falsecount="0"/>
        <line num="3" count="57" type="stmt"/>
        <line num="5" count="10" type="stmt"/>
      </file>
      <file name="regularExpresion.js" path="D:\CondorTrabajoenCasa\newsreact\src\controllers\regularExpresion.js">
        <metrics statements="9" coveredstatements="9" conditionals="7" coveredconditionals="7" methods="1" coveredmethods="1"/>
        <line num="1" count="5" type="stmt"/>
        <line num="2" count="81" type="cond" truecount="3" falsecount="0"/>
        <line num="4" count="27" type="cond" truecount="2" falsecount="0"/>
        <line num="5" count="11" type="stmt"/>
        <line num="7" count="16" type="stmt"/>
        <line num="11" count="28" type="cond" truecount="2" falsecount="0"/>
        <line num="16" count="10" type="stmt"/>
        <line num="18" count="18" type="stmt"/>
        <line num="22" count="26" type="stmt"/>
      </file>
      <file name="useFetch.js" path="D:\CondorTrabajoenCasa\newsreact\src\controllers\useFetch.js">
        <metrics statements="10" coveredstatements="7" conditionals="0" coveredconditionals="0" methods="4" coveredmethods="2"/>
        <line num="3" count="4" type="stmt"/>
        <line num="4" count="5" type="stmt"/>
        <line num="5" count="5" type="stmt"/>
        <line num="7" count="5" type="stmt"/>
        <line num="8" count="2" type="stmt"/>
        <line num="9" count="2" type="stmt"/>
        <line num="10" count="0" type="stmt"/>
        <line num="12" count="0" type="stmt"/>
        <line num="13" count="0" type="stmt"/>
        <line num="17" count="5" type="stmt"/>
      </file>
    </package>
    <package name="src.redux">
      <metrics statements="1" coveredstatements="1" conditionals="0" coveredconditionals="0" methods="0" coveredmethods="0"/>
      <file name="store.js" path="D:\CondorTrabajoenCasa\newsreact\src\redux\store.js">
        <metrics statements="1" coveredstatements="1" conditionals="0" coveredconditionals="0" methods="0" coveredmethods="0"/>
        <line num="4" count="4" type="stmt"/>
      </file>
    </package>
    <package name="src.redux.actions">
      <metrics statements="6" coveredstatements="6" conditionals="0" coveredconditionals="0" methods="2" coveredmethods="2"/>
      <file name="infoFormActions.js" path="D:\CondorTrabajoenCasa\newsreact\src\redux\actions\infoFormActions.js">
        <metrics statements="6" coveredstatements="6" conditionals="0" coveredconditionals="0" methods="2" coveredmethods="2"/>
        <line num="1" count="5" type="stmt"/>
        <line num="2" count="5" type="stmt"/>
        <line num="4" count="5" type="stmt"/>
        <line num="5" count="1" type="stmt"/>
        <line num="10" count="5" type="stmt"/>
        <line num="11" count="1" type="stmt"/>
      </file>
    </package>
    <package name="src.redux.reducers">
      <metrics statements="6" coveredstatements="6" conditionals="4" coveredconditionals="4" methods="1" coveredmethods="1"/>
      <file name="index.js" path="D:\CondorTrabajoenCasa\newsreact\src\redux\reducers\index.js">
        <metrics statements="0" coveredstatements="0" conditionals="0" coveredconditionals="0" methods="0" coveredmethods="0"/>
      </file>
      <file name="infoForm.js" path="D:\CondorTrabajoenCasa\newsreact\src\redux\reducers\infoForm.js">
        <metrics statements="6" coveredstatements="6" conditionals="4" coveredconditionals="4" methods="1" coveredmethods="1"/>
        <line num="3" count="4" type="stmt"/>
        <line num="14" count="4" type="cond" truecount="1" falsecount="0"/>
        <line num="15" count="14" type="cond" truecount="3" falsecount="0"/>
        <line num="17" count="9" type="stmt"/>
        <line num="27" count="1" type="stmt"/>
        <line num="32" count="4" type="stmt"/>
      </file>
    </package>
  </project>
</coverage>
