{"D:\\CondorTrabajoenCasa\\newsreact\\src\\App.js": {"path":"D:\\CondorTrabajoenCasa\\newsreact\\src\\App.js","statementMap":{"0":{"start":{"line":20,"column":28},"end":{"line":20,"column":39}},"1":{"start":{"line":22,"column":14},"end":{"line":22,"column":120}},"2":{"start":{"line":23,"column":33},"end":{"line":25,"column":3}},"3":{"start":{"line":24,"column":4},"end":{"line":24,"column":24}},"4":{"start":{"line":27,"column":2},"end":{"line":52,"column":4}}},"fnMap":{"0":{"name":"App","decl":{"start":{"line":19,"column":9},"end":{"line":19,"column":12}},"loc":{"start":{"line":19,"column":15},"end":{"line":53,"column":1}},"line":19},"1":{"name":"(anonymous_1)","decl":{"start":{"line":23,"column":33},"end":{"line":23,"column":34}},"loc":{"start":{"line":23,"column":40},"end":{"line":25,"column":3}},"line":23}},"branchMap":{},"s":{"0":2,"1":2,"2":2,"3":1,"4":2},"f":{"0":2,"1":1},"b":{},"_coverageSchema":"43e27e138ebf9cfc5966b082cf9a028302ed4184","hash":"ebba4b25c2821e79e400474310f12785eda11589"}
,"D:\\CondorTrabajoenCasa\\newsreact\\src\\index.js": {"path":"D:\\CondorTrabajoenCasa\\newsreact\\src\\index.js","statementMap":{"0":{"start":{"line":6,"column":13},"end":{"line":6,"column":44}},"1":{"start":{"line":7,"column":2},"end":{"line":9,"column":3}},"2":{"start":{"line":8,"column":4},"end":{"line":8,"column":35}},"3":{"start":{"line":11,"column":0},"end":{"line":11,"column":14}}},"fnMap":{"0":{"name":"renderToDOM","decl":{"start":{"line":5,"column":9},"end":{"line":5,"column":20}},"loc":{"start":{"line":5,"column":23},"end":{"line":10,"column":1}},"line":5}},"branchMap":{"0":{"loc":{"start":{"line":7,"column":2},"end":{"line":9,"column":3}},"type":"if","locations":[{"start":{"line":7,"column":2},"end":{"line":9,"column":3}},{"start":{"line":7,"column":2},"end":{"line":9,"column":3}}],"line":7}},"s":{"0":2,"1":2,"2":1,"3":1},"f":{"0":2},"b":{"0":[1,1]},"_coverageSchema":"43e27e138ebf9cfc5966b082cf9a028302ed4184","hash":"5c4e4d1d5e91116f46864069f53408cb19ca9b35"}
,"D:\\CondorTrabajoenCasa\\newsreact\\src\\components\\formContainer\\formContainer.js": {"path":"D:\\CondorTrabajoenCasa\\newsreact\\src\\components\\formContainer\\formContainer.js","statementMap":{"0":{"start":{"line":11,"column":22},"end":{"line":181,"column":1}},"1":{"start":{"line":12,"column":34},"end":{"line":12,"column":64}},"2":{"start":{"line":13,"column":32},"end":{"line":13,"column":44}},"3":{"start":{"line":14,"column":19},"end":{"line":14,"column":21}},"4":{"start":{"line":15,"column":18},"end":{"line":15,"column":23}},"5":{"start":{"line":16,"column":28},"end":{"line":33,"column":3}},"6":{"start":{"line":17,"column":4},"end":{"line":17,"column":23}},"7":{"start":{"line":18,"column":20},"end":{"line":18,"column":33}},"8":{"start":{"line":19,"column":21},"end":{"line":19,"column":35}},"9":{"start":{"line":20,"column":4},"end":{"line":23,"column":7}},"10":{"start":{"line":24,"column":4},"end":{"line":29,"column":5}},"11":{"start":{"line":25,"column":6},"end":{"line":28,"column":9}},"12":{"start":{"line":30,"column":4},"end":{"line":32,"column":5}},"13":{"start":{"line":31,"column":6},"end":{"line":31,"column":54}},"14":{"start":{"line":34,"column":30},"end":{"line":39,"column":3}},"15":{"start":{"line":35,"column":4},"end":{"line":38,"column":7}},"16":{"start":{"line":40,"column":25},"end":{"line":54,"column":3}},"17":{"start":{"line":41,"column":4},"end":{"line":53,"column":5}},"18":{"start":{"line":42,"column":6},"end":{"line":45,"column":8}},"19":{"start":{"line":46,"column":6},"end":{"line":46,"column":18}},"20":{"start":{"line":48,"column":6},"end":{"line":51,"column":8}},"21":{"start":{"line":52,"column":6},"end":{"line":52,"column":19}},"22":{"start":{"line":55,"column":35},"end":{"line":69,"column":3}},"23":{"start":{"line":56,"column":4},"end":{"line":68,"column":5}},"24":{"start":{"line":57,"column":6},"end":{"line":60,"column":8}},"25":{"start":{"line":61,"column":6},"end":{"line":61,"column":18}},"26":{"start":{"line":63,"column":6},"end":{"line":66,"column":8}},"27":{"start":{"line":67,"column":6},"end":{"line":67,"column":19}},"28":{"start":{"line":70,"column":27},"end":{"line":100,"column":3}},"29":{"start":{"line":71,"column":4},"end":{"line":71,"column":23}},"30":{"start":{"line":72,"column":4},"end":{"line":72,"column":52}},"31":{"start":{"line":73,"column":4},"end":{"line":73,"column":50}},"32":{"start":{"line":74,"column":4},"end":{"line":74,"column":56}},"33":{"start":{"line":75,"column":4},"end":{"line":75,"column":44}},"34":{"start":{"line":76,"column":4},"end":{"line":76,"column":52}},"35":{"start":{"line":77,"column":4},"end":{"line":77,"column":54}},"36":{"start":{"line":78,"column":4},"end":{"line":78,"column":66}},"37":{"start":{"line":79,"column":4},"end":{"line":79,"column":27}},"38":{"start":{"line":80,"column":4},"end":{"line":85,"column":7}},"39":{"start":{"line":81,"column":6},"end":{"line":84,"column":7}},"40":{"start":{"line":82,"column":8},"end":{"line":82,"column":25}},"41":{"start":{"line":83,"column":8},"end":{"line":83,"column":15}},"42":{"start":{"line":86,"column":15},"end":{"line":86,"column":35}},"43":{"start":{"line":87,"column":4},"end":{"line":98,"column":5}},"44":{"start":{"line":88,"column":6},"end":{"line":97,"column":8}},"45":{"start":{"line":99,"column":4},"end":{"line":99,"column":21}},"46":{"start":{"line":101,"column":2},"end":{"line":180,"column":4}},"47":{"start":{"line":182,"column":31},"end":{"line":186,"column":1}},"48":{"start":{"line":183,"column":2},"end":{"line":185,"column":4}},"49":{"start":{"line":187,"column":34},"end":{"line":213,"column":1}},"50":{"start":{"line":188,"column":2},"end":{"line":212,"column":4}},"51":{"start":{"line":199,"column":6},"end":{"line":211,"column":8}}},"fnMap":{"0":{"name":"(anonymous_0)","decl":{"start":{"line":11,"column":22},"end":{"line":11,"column":23}},"loc":{"start":{"line":11,"column":33},"end":{"line":181,"column":1}},"line":11},"1":{"name":"(anonymous_1)","decl":{"start":{"line":16,"column":28},"end":{"line":16,"column":29}},"loc":{"start":{"line":16,"column":35},"end":{"line":33,"column":3}},"line":16},"2":{"name":"(anonymous_2)","decl":{"start":{"line":34,"column":30},"end":{"line":34,"column":31}},"loc":{"start":{"line":34,"column":37},"end":{"line":39,"column":3}},"line":34},"3":{"name":"(anonymous_3)","decl":{"start":{"line":40,"column":25},"end":{"line":40,"column":26}},"loc":{"start":{"line":40,"column":51},"end":{"line":54,"column":3}},"line":40},"4":{"name":"(anonymous_4)","decl":{"start":{"line":55,"column":35},"end":{"line":55,"column":36}},"loc":{"start":{"line":55,"column":61},"end":{"line":69,"column":3}},"line":55},"5":{"name":"(anonymous_5)","decl":{"start":{"line":70,"column":27},"end":{"line":70,"column":28}},"loc":{"start":{"line":70,"column":34},"end":{"line":100,"column":3}},"line":70},"6":{"name":"(anonymous_6)","decl":{"start":{"line":80,"column":38},"end":{"line":80,"column":39}},"loc":{"start":{"line":80,"column":51},"end":{"line":85,"column":5}},"line":80},"7":{"name":"(anonymous_7)","decl":{"start":{"line":182,"column":31},"end":{"line":182,"column":32}},"loc":{"start":{"line":182,"column":42},"end":{"line":186,"column":1}},"line":182},"8":{"name":"(anonymous_8)","decl":{"start":{"line":187,"column":34},"end":{"line":187,"column":35}},"loc":{"start":{"line":187,"column":48},"end":{"line":213,"column":1}},"line":187},"9":{"name":"(anonymous_9)","decl":{"start":{"line":189,"column":10},"end":{"line":189,"column":11}},"loc":{"start":{"line":199,"column":6},"end":{"line":211,"column":8}},"line":199}},"branchMap":{"0":{"loc":{"start":{"line":24,"column":4},"end":{"line":29,"column":5}},"type":"if","locations":[{"start":{"line":24,"column":4},"end":{"line":29,"column":5}},{"start":{"line":24,"column":4},"end":{"line":29,"column":5}}],"line":24},"1":{"loc":{"start":{"line":30,"column":4},"end":{"line":32,"column":5}},"type":"if","locations":[{"start":{"line":30,"column":4},"end":{"line":32,"column":5}},{"start":{"line":30,"column":4},"end":{"line":32,"column":5}}],"line":30},"2":{"loc":{"start":{"line":30,"column":8},"end":{"line":30,"column":60}},"type":"binary-expr","locations":[{"start":{"line":30,"column":8},"end":{"line":30,"column":29}},{"start":{"line":30,"column":33},"end":{"line":30,"column":60}}],"line":30},"3":{"loc":{"start":{"line":41,"column":4},"end":{"line":53,"column":5}},"type":"if","locations":[{"start":{"line":41,"column":4},"end":{"line":53,"column":5}},{"start":{"line":41,"column":4},"end":{"line":53,"column":5}}],"line":41},"4":{"loc":{"start":{"line":56,"column":4},"end":{"line":68,"column":5}},"type":"if","locations":[{"start":{"line":56,"column":4},"end":{"line":68,"column":5}},{"start":{"line":56,"column":4},"end":{"line":68,"column":5}}],"line":56},"5":{"loc":{"start":{"line":81,"column":6},"end":{"line":84,"column":7}},"type":"if","locations":[{"start":{"line":81,"column":6},"end":{"line":84,"column":7}},{"start":{"line":81,"column":6},"end":{"line":84,"column":7}}],"line":81},"6":{"loc":{"start":{"line":87,"column":4},"end":{"line":98,"column":5}},"type":"if","locations":[{"start":{"line":87,"column":4},"end":{"line":98,"column":5}},{"start":{"line":87,"column":4},"end":{"line":98,"column":5}}],"line":87}},"s":{"0":4,"1":112,"2":112,"3":112,"4":112,"5":112,"6":30,"7":30,"8":30,"9":30,"10":30,"11":22,"12":30,"13":18,"14":112,"15":1,"16":112,"17":55,"18":46,"19":46,"20":9,"21":9,"22":112,"23":40,"24":24,"25":24,"26":16,"27":16,"28":112,"29":11,"30":11,"31":11,"32":11,"33":11,"34":11,"35":11,"36":11,"37":11,"38":11,"39":55,"40":49,"41":49,"42":11,"43":11,"44":0,"45":11,"46":112,"47":4,"48":101,"49":4,"50":16,"51":11},"f":{"0":112,"1":30,"2":1,"3":55,"4":40,"5":11,"6":55,"7":101,"8":16,"9":11},"b":{"0":[22,8],"1":[18,12],"2":[30,21],"3":[46,9],"4":[24,16],"5":[49,6],"6":[0,11]},"_coverageSchema":"43e27e138ebf9cfc5966b082cf9a028302ed4184","hash":"defe271bf65c1cfdd10315f985b8f8876555327d"}
,"D:\\CondorTrabajoenCasa\\newsreact\\src\\components\\formContainer\\formData.js": {"path":"D:\\CondorTrabajoenCasa\\newsreact\\src\\components\\formContainer\\formData.js","statementMap":{"0":{"start":{"line":1,"column":36},"end":{"line":8,"column":1}}},"fnMap":{},"branchMap":{},"s":{"0":4},"f":{},"b":{},"_coverageSchema":"43e27e138ebf9cfc5966b082cf9a028302ed4184","hash":"e9ea38e549e5728b15aad5fb9ca113d6c43a8556"}
,"D:\\CondorTrabajoenCasa\\newsreact\\src\\components\\formContainer\\index.js": {"path":"D:\\CondorTrabajoenCasa\\newsreact\\src\\components\\formContainer\\index.js","statementMap":{},"fnMap":{},"branchMap":{},"s":{},"f":{},"b":{},"_coverageSchema":"43e27e138ebf9cfc5966b082cf9a028302ed4184","hash":"73dc06f5c75b596ea5c1892b5bdcf9277f71180f"}
,"D:\\CondorTrabajoenCasa\\newsreact\\src\\components\\header\\header.js": {"path":"D:\\CondorTrabajoenCasa\\newsreact\\src\\components\\header\\header.js","statementMap":{"0":{"start":{"line":11,"column":15},"end":{"line":55,"column":1}},"1":{"start":{"line":12,"column":2},"end":{"line":54,"column":4}}},"fnMap":{"0":{"name":"(anonymous_0)","decl":{"start":{"line":11,"column":15},"end":{"line":11,"column":16}},"loc":{"start":{"line":11,"column":21},"end":{"line":55,"column":1}},"line":11}},"branchMap":{},"s":{"0":3,"1":3},"f":{"0":3},"b":{},"_coverageSchema":"43e27e138ebf9cfc5966b082cf9a028302ed4184","hash":"fbac6e51fb6d46efac7bc1410efa9300c2f879f3"}
,"D:\\CondorTrabajoenCasa\\newsreact\\src\\components\\header\\index.js": {"path":"D:\\CondorTrabajoenCasa\\newsreact\\src\\components\\header\\index.js","statementMap":{},"fnMap":{},"branchMap":{},"s":{},"f":{},"b":{},"_coverageSchema":"43e27e138ebf9cfc5966b082cf9a028302ed4184","hash":"2739f340903ee3d056978ad0e40c29f5946e81ae"}
,"D:\\CondorTrabajoenCasa\\newsreact\\src\\components\\modalForm\\index.js": {"path":"D:\\CondorTrabajoenCasa\\newsreact\\src\\components\\modalForm\\index.js","statementMap":{},"fnMap":{},"branchMap":{},"s":{},"f":{},"b":{},"_coverageSchema":"43e27e138ebf9cfc5966b082cf9a028302ed4184","hash":"93408eb42458cab42ad481b2ec2d71e24877cf71"}
,"D:\\CondorTrabajoenCasa\\newsreact\\src\\components\\modalForm\\modalForm.js": {"path":"D:\\CondorTrabajoenCasa\\newsreact\\src\\components\\modalForm\\modalForm.js","statementMap":{"0":{"start":{"line":5,"column":18},"end":{"line":48,"column":1}},"1":{"start":{"line":14,"column":6},"end":{"line":14,"column":20}},"2":{"start":{"line":16,"column":16},"end":{"line":18,"column":3}},"3":{"start":{"line":17,"column":4},"end":{"line":17,"column":23}},"4":{"start":{"line":20,"column":2},"end":{"line":47,"column":4}},"5":{"start":{"line":50,"column":31},"end":{"line":54,"column":1}},"6":{"start":{"line":51,"column":2},"end":{"line":53,"column":4}},"7":{"start":{"line":56,"column":34},"end":{"line":66,"column":1}},"8":{"start":{"line":57,"column":2},"end":{"line":65,"column":4}},"9":{"start":{"line":59,"column":6},"end":{"line":64,"column":8}}},"fnMap":{"0":{"name":"(anonymous_0)","decl":{"start":{"line":5,"column":18},"end":{"line":5,"column":19}},"loc":{"start":{"line":5,"column":29},"end":{"line":48,"column":1}},"line":5},"1":{"name":"(anonymous_1)","decl":{"start":{"line":16,"column":16},"end":{"line":16,"column":17}},"loc":{"start":{"line":16,"column":23},"end":{"line":18,"column":3}},"line":16},"2":{"name":"(anonymous_2)","decl":{"start":{"line":50,"column":31},"end":{"line":50,"column":32}},"loc":{"start":{"line":50,"column":42},"end":{"line":54,"column":1}},"line":50},"3":{"name":"(anonymous_3)","decl":{"start":{"line":56,"column":34},"end":{"line":56,"column":35}},"loc":{"start":{"line":56,"column":48},"end":{"line":66,"column":1}},"line":56},"4":{"name":"(anonymous_4)","decl":{"start":{"line":58,"column":11},"end":{"line":58,"column":12}},"loc":{"start":{"line":59,"column":6},"end":{"line":64,"column":8}},"line":59}},"branchMap":{},"s":{"0":3,"1":10,"2":10,"3":1,"4":10,"5":3,"6":11,"7":3,"8":6,"9":1},"f":{"0":10,"1":1,"2":11,"3":6,"4":1},"b":{},"_coverageSchema":"43e27e138ebf9cfc5966b082cf9a028302ed4184","hash":"b1e18d78c43a1a7cfbc5ccf61b1cd8ccb52b418b"}
,"D:\\CondorTrabajoenCasa\\newsreact\\src\\components\\news\\index.js": {"path":"D:\\CondorTrabajoenCasa\\newsreact\\src\\components\\news\\index.js","statementMap":{},"fnMap":{},"branchMap":{},"s":{},"f":{},"b":{},"_coverageSchema":"43e27e138ebf9cfc5966b082cf9a028302ed4184","hash":"84f51c443209616043931d586f6020426f5a87f2"}
,"D:\\CondorTrabajoenCasa\\newsreact\\src\\components\\news\\news.js": {"path":"D:\\CondorTrabajoenCasa\\newsreact\\src\\components\\news\\news.js","statementMap":{"0":{"start":{"line":4,"column":13},"end":{"line":28,"column":1}},"1":{"start":{"line":5,"column":35},"end":{"line":5,"column":40}},"2":{"start":{"line":6,"column":18},"end":{"line":6,"column":23}},"3":{"start":{"line":8,"column":2},"end":{"line":11,"column":3}},"4":{"start":{"line":9,"column":4},"end":{"line":10,"column":96}},"5":{"start":{"line":13,"column":2},"end":{"line":27,"column":4}}},"fnMap":{"0":{"name":"(anonymous_0)","decl":{"start":{"line":4,"column":13},"end":{"line":4,"column":14}},"loc":{"start":{"line":4,"column":24},"end":{"line":28,"column":1}},"line":4}},"branchMap":{"0":{"loc":{"start":{"line":8,"column":2},"end":{"line":11,"column":3}},"type":"if","locations":[{"start":{"line":8,"column":2},"end":{"line":11,"column":3}},{"start":{"line":8,"column":2},"end":{"line":11,"column":3}}],"line":8}},"s":{"0":5,"1":10,"2":10,"3":10,"4":1,"5":10},"f":{"0":10},"b":{"0":[1,9]},"_coverageSchema":"43e27e138ebf9cfc5966b082cf9a028302ed4184","hash":"97059336c87a96772218d06c341dc2bdbb0b1b53"}
,"D:\\CondorTrabajoenCasa\\newsreact\\src\\components\\newsContainer\\index.js": {"path":"D:\\CondorTrabajoenCasa\\newsreact\\src\\components\\newsContainer\\index.js","statementMap":{},"fnMap":{},"branchMap":{},"s":{},"f":{},"b":{},"_coverageSchema":"43e27e138ebf9cfc5966b082cf9a028302ed4184","hash":"123ee042a7f5608fca082b1275703edfcece4cbf"}
,"D:\\CondorTrabajoenCasa\\newsreact\\src\\components\\newsContainer\\newsContainer.js": {"path":"D:\\CondorTrabajoenCasa\\newsreact\\src\\components\\newsContainer\\newsContainer.js","statementMap":{"0":{"start":{"line":6,"column":22},"end":{"line":39,"column":1}},"1":{"start":{"line":7,"column":16},"end":{"line":7,"column":31}},"2":{"start":{"line":8,"column":32},"end":{"line":10,"column":3}},"3":{"start":{"line":11,"column":2},"end":{"line":38,"column":4}},"4":{"start":{"line":17,"column":12},"end":{"line":33,"column":13}}},"fnMap":{"0":{"name":"(anonymous_0)","decl":{"start":{"line":6,"column":22},"end":{"line":6,"column":23}},"loc":{"start":{"line":6,"column":33},"end":{"line":39,"column":1}},"line":6},"1":{"name":"(anonymous_1)","decl":{"start":{"line":16,"column":39},"end":{"line":16,"column":40}},"loc":{"start":{"line":17,"column":12},"end":{"line":33,"column":13}},"line":17}},"branchMap":{"0":{"loc":{"start":{"line":14,"column":9},"end":{"line":14,"column":44}},"type":"binary-expr","locations":[{"start":{"line":14,"column":9},"end":{"line":14,"column":18}},{"start":{"line":14,"column":22},"end":{"line":14,"column":44}}],"line":14},"1":{"loc":{"start":{"line":17,"column":12},"end":{"line":33,"column":13}},"type":"cond-expr","locations":[{"start":{"line":18,"column":14},"end":{"line":30,"column":20}},{"start":{"line":32,"column":14},"end":{"line":32,"column":58}}],"line":17}},"s":{"0":4,"1":11,"2":11,"3":11,"4":40},"f":{"0":11,"1":40},"b":{"0":[11,10],"1":[8,32]},"_coverageSchema":"43e27e138ebf9cfc5966b082cf9a028302ed4184","hash":"1122e7170fd9284d58b0ad4e0a56874464570cc1"}
,"D:\\CondorTrabajoenCasa\\newsreact\\src\\components\\notice\\index.js": {"path":"D:\\CondorTrabajoenCasa\\newsreact\\src\\components\\notice\\index.js","statementMap":{},"fnMap":{},"branchMap":{},"s":{},"f":{},"b":{},"_coverageSchema":"43e27e138ebf9cfc5966b082cf9a028302ed4184","hash":"d242a85a8109ad4e89b15fb1a0a45e39216144ae"}
,"D:\\CondorTrabajoenCasa\\newsreact\\src\\components\\notice\\notice.js": {"path":"D:\\CondorTrabajoenCasa\\newsreact\\src\\components\\notice\\notice.js","statementMap":{"0":{"start":{"line":4,"column":15},"end":{"line":23,"column":1}},"1":{"start":{"line":5,"column":29},"end":{"line":5,"column":43}},"2":{"start":{"line":6,"column":24},"end":{"line":9,"column":3}},"3":{"start":{"line":7,"column":4},"end":{"line":7,"column":23}},"4":{"start":{"line":8,"column":4},"end":{"line":8,"column":22}},"5":{"start":{"line":11,"column":2},"end":{"line":22,"column":4}}},"fnMap":{"0":{"name":"(anonymous_0)","decl":{"start":{"line":4,"column":15},"end":{"line":4,"column":16}},"loc":{"start":{"line":4,"column":21},"end":{"line":23,"column":1}},"line":4},"1":{"name":"(anonymous_1)","decl":{"start":{"line":6,"column":24},"end":{"line":6,"column":25}},"loc":{"start":{"line":6,"column":31},"end":{"line":9,"column":3}},"line":6}},"branchMap":{"0":{"loc":{"start":{"line":13,"column":7},"end":{"line":20,"column":7}},"type":"binary-expr","locations":[{"start":{"line":13,"column":7},"end":{"line":13,"column":14}},{"start":{"line":14,"column":8},"end":{"line":19,"column":16}}],"line":13}},"s":{"0":3,"1":4,"2":4,"3":1,"4":1,"5":4},"f":{"0":4,"1":1},"b":{"0":[4,3]},"_coverageSchema":"43e27e138ebf9cfc5966b082cf9a028302ed4184","hash":"3857f8db4a3f1e8d6ea121e343d195e92ccb54c0"}
,"D:\\CondorTrabajoenCasa\\newsreact\\src\\components\\subscribe\\index.js": {"path":"D:\\CondorTrabajoenCasa\\newsreact\\src\\components\\subscribe\\index.js","statementMap":{},"fnMap":{},"branchMap":{},"s":{},"f":{},"b":{},"hash":"e705808f0df37c05e1748a712c4ca90103774a8d"}
,"D:\\CondorTrabajoenCasa\\newsreact\\src\\components\\subscribe\\subscribe.js": {"path":"D:\\CondorTrabajoenCasa\\newsreact\\src\\components\\subscribe\\subscribe.js","statementMap":{"0":{"start":{"line":4,"column":18},"end":{"line":24,"column":1}},"1":{"start":{"line":5,"column":2},"end":{"line":23,"column":4}}},"fnMap":{"0":{"name":"(anonymous_0)","decl":{"start":{"line":4,"column":18},"end":{"line":4,"column":19}},"loc":{"start":{"line":4,"column":24},"end":{"line":24,"column":1}},"line":4}},"branchMap":{},"s":{"0":3,"1":3},"f":{"0":3},"b":{},"_coverageSchema":"43e27e138ebf9cfc5966b082cf9a028302ed4184","hash":"fd79e2a3285a112165b7a5cd1edc744cfbf8a43c"}
,"D:\\CondorTrabajoenCasa\\newsreact\\src\\controllers\\data.js": {"path":"D:\\CondorTrabajoenCasa\\newsreact\\src\\controllers\\data.js","statementMap":{"0":{"start":{"line":1,"column":24},"end":{"line":300,"column":1}}},"fnMap":{},"branchMap":{},"s":{"0":1},"f":{},"b":{},"_coverageSchema":"43e27e138ebf9cfc5966b082cf9a028302ed4184","hash":"4a4f01433f2097171cb59ee99bb49a85f184dedd"}
,"D:\\CondorTrabajoenCasa\\newsreact\\src\\controllers\\inputsController.js": {"path":"D:\\CondorTrabajoenCasa\\newsreact\\src\\controllers\\inputsController.js","statementMap":{"0":{"start":{"line":1,"column":25},"end":{"line":6,"column":1}},"1":{"start":{"line":2,"column":2},"end":{"line":4,"column":3}},"2":{"start":{"line":3,"column":4},"end":{"line":3,"column":16}},"3":{"start":{"line":5,"column":2},"end":{"line":5,"column":15}}},"fnMap":{"0":{"name":"(anonymous_0)","decl":{"start":{"line":1,"column":25},"end":{"line":1,"column":26}},"loc":{"start":{"line":1,"column":36},"end":{"line":6,"column":1}},"line":1}},"branchMap":{"0":{"loc":{"start":{"line":2,"column":2},"end":{"line":4,"column":3}},"type":"if","locations":[{"start":{"line":2,"column":2},"end":{"line":4,"column":3}},{"start":{"line":2,"column":2},"end":{"line":4,"column":3}}],"line":2}},"s":{"0":5,"1":57,"2":47,"3":10},"f":{"0":57},"b":{"0":[47,10]},"_coverageSchema":"43e27e138ebf9cfc5966b082cf9a028302ed4184","hash":"9f20763ff6e418ea8b466c3f617300424ed74b01"}
,"D:\\CondorTrabajoenCasa\\newsreact\\src\\controllers\\regularExpresion.js": {"path":"D:\\CondorTrabajoenCasa\\newsreact\\src\\controllers\\regularExpresion.js","statementMap":{"0":{"start":{"line":1,"column":25},"end":{"line":24,"column":1}},"1":{"start":{"line":2,"column":2},"end":{"line":23,"column":3}},"2":{"start":{"line":4,"column":6},"end":{"line":8,"column":7}},"3":{"start":{"line":5,"column":8},"end":{"line":5,"column":21}},"4":{"start":{"line":7,"column":8},"end":{"line":7,"column":20}},"5":{"start":{"line":11,"column":6},"end":{"line":19,"column":7}},"6":{"start":{"line":16,"column":8},"end":{"line":16,"column":21}},"7":{"start":{"line":18,"column":8},"end":{"line":18,"column":20}},"8":{"start":{"line":22,"column":6},"end":{"line":22,"column":18}}},"fnMap":{"0":{"name":"(anonymous_0)","decl":{"start":{"line":1,"column":25},"end":{"line":1,"column":26}},"loc":{"start":{"line":1,"column":47},"end":{"line":24,"column":1}},"line":1}},"branchMap":{"0":{"loc":{"start":{"line":2,"column":2},"end":{"line":23,"column":3}},"type":"switch","locations":[{"start":{"line":3,"column":4},"end":{"line":8,"column":7}},{"start":{"line":10,"column":4},"end":{"line":19,"column":7}},{"start":{"line":21,"column":4},"end":{"line":22,"column":18}}],"line":2},"1":{"loc":{"start":{"line":4,"column":6},"end":{"line":8,"column":7}},"type":"if","locations":[{"start":{"line":4,"column":6},"end":{"line":8,"column":7}},{"start":{"line":4,"column":6},"end":{"line":8,"column":7}}],"line":4},"2":{"loc":{"start":{"line":11,"column":6},"end":{"line":19,"column":7}},"type":"if","locations":[{"start":{"line":11,"column":6},"end":{"line":19,"column":7}},{"start":{"line":11,"column":6},"end":{"line":19,"column":7}}],"line":11}},"s":{"0":5,"1":51,"2":23,"3":11,"4":12,"5":24,"6":7,"7":17,"8":4},"f":{"0":51},"b":{"0":[23,24,4],"1":[11,12],"2":[7,17]},"_coverageSchema":"43e27e138ebf9cfc5966b082cf9a028302ed4184","hash":"86cef33c5dc5752cbf753462944a437a2b207689"}
,"D:\\CondorTrabajoenCasa\\newsreact\\src\\controllers\\useFetch.js": {"path":"D:\\CondorTrabajoenCasa\\newsreact\\src\\controllers\\useFetch.js","statementMap":{"0":{"start":{"line":4,"column":17},"end":{"line":19,"column":1}},"1":{"start":{"line":5,"column":34},"end":{"line":5,"column":46}},"2":{"start":{"line":6,"column":35},"end":{"line":6,"column":49}},"3":{"start":{"line":8,"column":2},"end":{"line":16,"column":12}},"4":{"start":{"line":9,"column":4},"end":{"line":9,"column":21}},"5":{"start":{"line":10,"column":4},"end":{"line":15,"column":9}},"6":{"start":{"line":11,"column":21},"end":{"line":11,"column":31}},"7":{"start":{"line":13,"column":8},"end":{"line":13,"column":35}},"8":{"start":{"line":14,"column":8},"end":{"line":14,"column":26}},"9":{"start":{"line":18,"column":2},"end":{"line":18,"column":32}}},"fnMap":{"0":{"name":"(anonymous_0)","decl":{"start":{"line":4,"column":17},"end":{"line":4,"column":18}},"loc":{"start":{"line":4,"column":26},"end":{"line":19,"column":1}},"line":4},"1":{"name":"(anonymous_1)","decl":{"start":{"line":8,"column":12},"end":{"line":8,"column":13}},"loc":{"start":{"line":8,"column":18},"end":{"line":16,"column":3}},"line":8},"2":{"name":"(anonymous_2)","decl":{"start":{"line":11,"column":12},"end":{"line":11,"column":13}},"loc":{"start":{"line":11,"column":21},"end":{"line":11,"column":31}},"line":11},"3":{"name":"(anonymous_3)","decl":{"start":{"line":12,"column":12},"end":{"line":12,"column":13}},"loc":{"start":{"line":12,"column":22},"end":{"line":15,"column":7}},"line":12}},"branchMap":{},"s":{"0":4,"1":11,"2":11,"3":11,"4":4,"5":4,"6":4,"7":4,"8":2,"9":11},"f":{"0":11,"1":4,"2":4,"3":4},"b":{},"_coverageSchema":"43e27e138ebf9cfc5966b082cf9a028302ed4184","hash":"f9eb3edf20ef8f76b923cad922aa95484420253d"}
,"D:\\CondorTrabajoenCasa\\newsreact\\src\\redux\\store.js": {"path":"D:\\CondorTrabajoenCasa\\newsreact\\src\\redux\\store.js","statementMap":{"0":{"start":{"line":4,"column":14},"end":{"line":4,"column":35}}},"fnMap":{},"branchMap":{},"s":{"0":4},"f":{},"b":{},"_coverageSchema":"43e27e138ebf9cfc5966b082cf9a028302ed4184","hash":"5f00e6851e9f54ffbc968de2975943186bd1082b"}
,"D:\\CondorTrabajoenCasa\\newsreact\\src\\redux\\actions\\infoFormActions.js": {"path":"D:\\CondorTrabajoenCasa\\newsreact\\src\\redux\\actions\\infoFormActions.js","statementMap":{"0":{"start":{"line":1,"column":20},"end":{"line":1,"column":26}},"1":{"start":{"line":2,"column":21},"end":{"line":2,"column":28}},"2":{"start":{"line":4,"column":20},"end":{"line":8,"column":1}},"3":{"start":{"line":5,"column":2},"end":{"line":7,"column":4}},"4":{"start":{"line":10,"column":21},"end":{"line":14,"column":1}},"5":{"start":{"line":11,"column":2},"end":{"line":13,"column":4}}},"fnMap":{"0":{"name":"(anonymous_0)","decl":{"start":{"line":4,"column":20},"end":{"line":4,"column":21}},"loc":{"start":{"line":4,"column":26},"end":{"line":8,"column":1}},"line":4},"1":{"name":"(anonymous_1)","decl":{"start":{"line":10,"column":21},"end":{"line":10,"column":22}},"loc":{"start":{"line":10,"column":27},"end":{"line":14,"column":1}},"line":10}},"branchMap":{},"s":{"0":5,"1":5,"2":5,"3":1,"4":5,"5":1},"f":{"0":1,"1":1},"b":{},"_coverageSchema":"43e27e138ebf9cfc5966b082cf9a028302ed4184","hash":"12d0dfb4eb54eb0bf6cb62fa60ed7ea9f3a064e8"}
,"D:\\CondorTrabajoenCasa\\newsreact\\src\\redux\\reducers\\index.js": {"path":"D:\\CondorTrabajoenCasa\\newsreact\\src\\redux\\reducers\\index.js","statementMap":{},"fnMap":{},"branchMap":{},"s":{},"f":{},"b":{},"hash":"307c0dd3f80515dbdcaca021cdd6a63f6cab5786"}
,"D:\\CondorTrabajoenCasa\\newsreact\\src\\redux\\reducers\\infoForm.js": {"path":"D:\\CondorTrabajoenCasa\\newsreact\\src\\redux\\reducers\\infoForm.js","statementMap":{"0":{"start":{"line":3,"column":20},"end":{"line":12,"column":1}},"1":{"start":{"line":14,"column":17},"end":{"line":34,"column":1}},"2":{"start":{"line":15,"column":2},"end":{"line":33,"column":3}},"3":{"start":{"line":17,"column":6},"end":{"line":25,"column":8}},"4":{"start":{"line":27,"column":6},"end":{"line":30,"column":8}},"5":{"start":{"line":32,"column":6},"end":{"line":32,"column":19}}},"fnMap":{"0":{"name":"(anonymous_0)","decl":{"start":{"line":14,"column":17},"end":{"line":14,"column":18}},"loc":{"start":{"line":14,"column":50},"end":{"line":34,"column":1}},"line":14}},"branchMap":{"0":{"loc":{"start":{"line":14,"column":18},"end":{"line":14,"column":37}},"type":"default-arg","locations":[{"start":{"line":14,"column":26},"end":{"line":14,"column":37}}],"line":14},"1":{"loc":{"start":{"line":15,"column":2},"end":{"line":33,"column":3}},"type":"switch","locations":[{"start":{"line":16,"column":4},"end":{"line":25,"column":8}},{"start":{"line":26,"column":4},"end":{"line":30,"column":8}},{"start":{"line":31,"column":4},"end":{"line":32,"column":19}}],"line":15}},"s":{"0":4,"1":4,"2":16,"3":11,"4":1,"5":4},"f":{"0":16},"b":{"0":[4],"1":[11,1,4]},"_coverageSchema":"43e27e138ebf9cfc5966b082cf9a028302ed4184","hash":"0908b46567247db8060cf15524711b148f736ec3"}
}
