{"D:\\CondorTrabajoenCasa\\newsreact\\src\\App.js": {"path":"D:\\CondorTrabajoenCasa\\newsreact\\src\\App.js","statementMap":{"0":{"start":{"line":20,"column":28},"end":{"line":20,"column":39}},"1":{"start":{"line":22,"column":14},"end":{"line":22,"column":120}},"2":{"start":{"line":23,"column":33},"end":{"line":25,"column":3}},"3":{"start":{"line":24,"column":4},"end":{"line":24,"column":24}},"4":{"start":{"line":27,"column":2},"end":{"line":52,"column":4}}},"fnMap":{"0":{"name":"App","decl":{"start":{"line":19,"column":9},"end":{"line":19,"column":12}},"loc":{"start":{"line":19,"column":15},"end":{"line":53,"column":1}},"line":19},"1":{"name":"(anonymous_1)","decl":{"start":{"line":23,"column":33},"end":{"line":23,"column":34}},"loc":{"start":{"line":23,"column":40},"end":{"line":25,"column":3}},"line":23}},"branchMap":{},"s":{"0":1,"1":1,"2":1,"3":0,"4":1},"f":{"0":1,"1":0},"b":{},"_coverageSchema":"43e27e138ebf9cfc5966b082cf9a028302ed4184","hash":"ebba4b25c2821e79e400474310f12785eda11589"}
,"D:\\CondorTrabajoenCasa\\newsreact\\src\\index.js": {"path":"D:\\CondorTrabajoenCasa\\newsreact\\src\\index.js","statementMap":{"0":{"start":{"line":5,"column":11},"end":{"line":5,"column":42}},"1":{"start":{"line":7,"column":2},"end":{"line":9,"column":3}},"2":{"start":{"line":8,"column":4},"end":{"line":8,"column":35}},"3":{"start":{"line":11,"column":0},"end":{"line":11,"column":14}}},"fnMap":{"0":{"name":"renderToDOM","decl":{"start":{"line":6,"column":9},"end":{"line":6,"column":20}},"loc":{"start":{"line":6,"column":23},"end":{"line":10,"column":1}},"line":6}},"branchMap":{"0":{"loc":{"start":{"line":7,"column":2},"end":{"line":9,"column":3}},"type":"if","locations":[{"start":{"line":7,"column":2},"end":{"line":9,"column":3}},{"start":{"line":7,"column":2},"end":{"line":9,"column":3}}],"line":7}},"s":{"0":1,"1":2,"2":0,"3":1},"f":{"0":2},"b":{"0":[0,2]},"_coverageSchema":"43e27e138ebf9cfc5966b082cf9a028302ed4184","hash":"80814241b43e3b89ce230142c46d4a095066d4ce"}
,"D:\\CondorTrabajoenCasa\\newsreact\\src\\components\\formContainer\\formContainer.js": {"path":"D:\\CondorTrabajoenCasa\\newsreact\\src\\components\\formContainer\\formContainer.js","statementMap":{"0":{"start":{"line":8,"column":22},"end":{"line":260,"column":1}},"1":{"start":{"line":9,"column":34},"end":{"line":9,"column":64}},"2":{"start":{"line":10,"column":50},"end":{"line":10,"column":62}},"3":{"start":{"line":11,"column":48},"end":{"line":11,"column":60}},"4":{"start":{"line":12,"column":42},"end":{"line":12,"column":54}},"5":{"start":{"line":13,"column":54},"end":{"line":13,"column":66}},"6":{"start":{"line":14,"column":50},"end":{"line":14,"column":62}},"7":{"start":{"line":16,"column":28},"end":{"line":49,"column":3}},"8":{"start":{"line":17,"column":4},"end":{"line":17,"column":23}},"9":{"start":{"line":18,"column":4},"end":{"line":21,"column":7}},"10":{"start":{"line":22,"column":4},"end":{"line":40,"column":5}},"11":{"start":{"line":23,"column":6},"end":{"line":39,"column":7}},"12":{"start":{"line":25,"column":10},"end":{"line":25,"column":34}},"13":{"start":{"line":26,"column":10},"end":{"line":26,"column":16}},"14":{"start":{"line":28,"column":10},"end":{"line":28,"column":33}},"15":{"start":{"line":29,"column":10},"end":{"line":29,"column":16}},"16":{"start":{"line":31,"column":10},"end":{"line":31,"column":30}},"17":{"start":{"line":32,"column":10},"end":{"line":32,"column":16}},"18":{"start":{"line":34,"column":10},"end":{"line":34,"column":36}},"19":{"start":{"line":35,"column":10},"end":{"line":35,"column":16}},"20":{"start":{"line":37,"column":10},"end":{"line":37,"column":34}},"21":{"start":{"line":38,"column":10},"end":{"line":38,"column":16}},"22":{"start":{"line":41,"column":4},"end":{"line":48,"column":5}},"23":{"start":{"line":43,"column":8},"end":{"line":43,"column":64}},"24":{"start":{"line":44,"column":8},"end":{"line":44,"column":14}},"25":{"start":{"line":46,"column":8},"end":{"line":46,"column":64}},"26":{"start":{"line":47,"column":8},"end":{"line":47,"column":14}},"27":{"start":{"line":50,"column":30},"end":{"line":56,"column":3}},"28":{"start":{"line":51,"column":4},"end":{"line":51,"column":23}},"29":{"start":{"line":52,"column":4},"end":{"line":55,"column":7}},"30":{"start":{"line":57,"column":25},"end":{"line":107,"column":3}},"31":{"start":{"line":58,"column":4},"end":{"line":106,"column":5}},"32":{"start":{"line":59,"column":6},"end":{"line":85,"column":7}},"33":{"start":{"line":61,"column":10},"end":{"line":63,"column":12}},"34":{"start":{"line":64,"column":10},"end":{"line":64,"column":16}},"35":{"start":{"line":66,"column":10},"end":{"line":68,"column":12}},"36":{"start":{"line":69,"column":10},"end":{"line":69,"column":16}},"37":{"start":{"line":71,"column":10},"end":{"line":73,"column":12}},"38":{"start":{"line":74,"column":10},"end":{"line":74,"column":16}},"39":{"start":{"line":76,"column":10},"end":{"line":78,"column":12}},"40":{"start":{"line":79,"column":10},"end":{"line":79,"column":16}},"41":{"start":{"line":81,"column":10},"end":{"line":83,"column":12}},"42":{"start":{"line":84,"column":10},"end":{"line":84,"column":16}},"43":{"start":{"line":86,"column":6},"end":{"line":86,"column":18}},"44":{"start":{"line":88,"column":6},"end":{"line":104,"column":7}},"45":{"start":{"line":90,"column":10},"end":{"line":90,"column":34}},"46":{"start":{"line":91,"column":10},"end":{"line":91,"column":16}},"47":{"start":{"line":93,"column":10},"end":{"line":93,"column":33}},"48":{"start":{"line":94,"column":10},"end":{"line":94,"column":16}},"49":{"start":{"line":96,"column":10},"end":{"line":96,"column":30}},"50":{"start":{"line":97,"column":10},"end":{"line":97,"column":16}},"51":{"start":{"line":99,"column":10},"end":{"line":99,"column":36}},"52":{"start":{"line":100,"column":10},"end":{"line":100,"column":16}},"53":{"start":{"line":102,"column":10},"end":{"line":102,"column":34}},"54":{"start":{"line":103,"column":10},"end":{"line":103,"column":16}},"55":{"start":{"line":105,"column":6},"end":{"line":105,"column":19}},"56":{"start":{"line":108,"column":35},"end":{"line":134,"column":3}},"57":{"start":{"line":109,"column":4},"end":{"line":133,"column":5}},"58":{"start":{"line":110,"column":6},"end":{"line":121,"column":7}},"59":{"start":{"line":112,"column":10},"end":{"line":114,"column":12}},"60":{"start":{"line":115,"column":10},"end":{"line":115,"column":16}},"61":{"start":{"line":117,"column":10},"end":{"line":119,"column":12}},"62":{"start":{"line":120,"column":10},"end":{"line":120,"column":16}},"63":{"start":{"line":122,"column":6},"end":{"line":122,"column":18}},"64":{"start":{"line":124,"column":6},"end":{"line":131,"column":7}},"65":{"start":{"line":126,"column":10},"end":{"line":126,"column":30}},"66":{"start":{"line":127,"column":10},"end":{"line":127,"column":16}},"67":{"start":{"line":129,"column":10},"end":{"line":129,"column":36}},"68":{"start":{"line":130,"column":10},"end":{"line":130,"column":16}},"69":{"start":{"line":132,"column":6},"end":{"line":132,"column":19}},"70":{"start":{"line":135,"column":27},"end":{"line":182,"column":3}},"71":{"start":{"line":136,"column":4},"end":{"line":136,"column":23}},"72":{"start":{"line":137,"column":34},"end":{"line":140,"column":5}},"73":{"start":{"line":141,"column":34},"end":{"line":141,"column":79}},"74":{"start":{"line":142,"column":36},"end":{"line":145,"column":5}},"75":{"start":{"line":146,"column":30},"end":{"line":146,"column":69}},"76":{"start":{"line":147,"column":34},"end":{"line":150,"column":5}},"77":{"start":{"line":151,"column":32},"end":{"line":154,"column":5}},"78":{"start":{"line":155,"column":38},"end":{"line":158,"column":5}},"79":{"start":{"line":159,"column":4},"end":{"line":169,"column":5}},"80":{"start":{"line":168,"column":6},"end":{"line":168,"column":18}},"81":{"start":{"line":171,"column":17},"end":{"line":180,"column":5}},"82":{"start":{"line":181,"column":4},"end":{"line":181,"column":21}},"83":{"start":{"line":183,"column":2},"end":{"line":259,"column":4}},"84":{"start":{"line":261,"column":31},"end":{"line":265,"column":1}},"85":{"start":{"line":262,"column":2},"end":{"line":264,"column":4}},"86":{"start":{"line":266,"column":34},"end":{"line":292,"column":1}},"87":{"start":{"line":267,"column":2},"end":{"line":291,"column":4}},"88":{"start":{"line":278,"column":6},"end":{"line":290,"column":8}}},"fnMap":{"0":{"name":"(anonymous_0)","decl":{"start":{"line":8,"column":22},"end":{"line":8,"column":23}},"loc":{"start":{"line":8,"column":33},"end":{"line":260,"column":1}},"line":8},"1":{"name":"(anonymous_1)","decl":{"start":{"line":16,"column":28},"end":{"line":16,"column":29}},"loc":{"start":{"line":16,"column":35},"end":{"line":49,"column":3}},"line":16},"2":{"name":"(anonymous_2)","decl":{"start":{"line":50,"column":30},"end":{"line":50,"column":31}},"loc":{"start":{"line":50,"column":37},"end":{"line":56,"column":3}},"line":50},"3":{"name":"(anonymous_3)","decl":{"start":{"line":57,"column":25},"end":{"line":57,"column":26}},"loc":{"start":{"line":57,"column":51},"end":{"line":107,"column":3}},"line":57},"4":{"name":"(anonymous_4)","decl":{"start":{"line":108,"column":35},"end":{"line":108,"column":36}},"loc":{"start":{"line":108,"column":61},"end":{"line":134,"column":3}},"line":108},"5":{"name":"(anonymous_5)","decl":{"start":{"line":135,"column":27},"end":{"line":135,"column":28}},"loc":{"start":{"line":135,"column":34},"end":{"line":182,"column":3}},"line":135},"6":{"name":"(anonymous_6)","decl":{"start":{"line":261,"column":31},"end":{"line":261,"column":32}},"loc":{"start":{"line":261,"column":42},"end":{"line":265,"column":1}},"line":261},"7":{"name":"(anonymous_7)","decl":{"start":{"line":266,"column":34},"end":{"line":266,"column":35}},"loc":{"start":{"line":266,"column":48},"end":{"line":292,"column":1}},"line":266},"8":{"name":"(anonymous_8)","decl":{"start":{"line":268,"column":10},"end":{"line":268,"column":11}},"loc":{"start":{"line":278,"column":6},"end":{"line":290,"column":8}},"line":278}},"branchMap":{"0":{"loc":{"start":{"line":22,"column":4},"end":{"line":40,"column":5}},"type":"if","locations":[{"start":{"line":22,"column":4},"end":{"line":40,"column":5}},{"start":{"line":22,"column":4},"end":{"line":40,"column":5}}],"line":22},"1":{"loc":{"start":{"line":23,"column":6},"end":{"line":39,"column":7}},"type":"switch","locations":[{"start":{"line":24,"column":8},"end":{"line":26,"column":16}},{"start":{"line":27,"column":8},"end":{"line":29,"column":16}},{"start":{"line":30,"column":8},"end":{"line":32,"column":16}},{"start":{"line":33,"column":8},"end":{"line":35,"column":16}},{"start":{"line":36,"column":8},"end":{"line":38,"column":16}}],"line":23},"2":{"loc":{"start":{"line":41,"column":4},"end":{"line":48,"column":5}},"type":"switch","locations":[{"start":{"line":42,"column":6},"end":{"line":44,"column":14}},{"start":{"line":45,"column":6},"end":{"line":47,"column":14}}],"line":41},"3":{"loc":{"start":{"line":58,"column":4},"end":{"line":106,"column":5}},"type":"if","locations":[{"start":{"line":58,"column":4},"end":{"line":106,"column":5}},{"start":{"line":58,"column":4},"end":{"line":106,"column":5}}],"line":58},"4":{"loc":{"start":{"line":59,"column":6},"end":{"line":85,"column":7}},"type":"switch","locations":[{"start":{"line":60,"column":8},"end":{"line":64,"column":16}},{"start":{"line":65,"column":8},"end":{"line":69,"column":16}},{"start":{"line":70,"column":8},"end":{"line":74,"column":16}},{"start":{"line":75,"column":8},"end":{"line":79,"column":16}},{"start":{"line":80,"column":8},"end":{"line":84,"column":16}}],"line":59},"5":{"loc":{"start":{"line":88,"column":6},"end":{"line":104,"column":7}},"type":"switch","locations":[{"start":{"line":89,"column":8},"end":{"line":91,"column":16}},{"start":{"line":92,"column":8},"end":{"line":94,"column":16}},{"start":{"line":95,"column":8},"end":{"line":97,"column":16}},{"start":{"line":98,"column":8},"end":{"line":100,"column":16}},{"start":{"line":101,"column":8},"end":{"line":103,"column":16}}],"line":88},"6":{"loc":{"start":{"line":109,"column":4},"end":{"line":133,"column":5}},"type":"if","locations":[{"start":{"line":109,"column":4},"end":{"line":133,"column":5}},{"start":{"line":109,"column":4},"end":{"line":133,"column":5}}],"line":109},"7":{"loc":{"start":{"line":110,"column":6},"end":{"line":121,"column":7}},"type":"switch","locations":[{"start":{"line":111,"column":8},"end":{"line":115,"column":16}},{"start":{"line":116,"column":8},"end":{"line":120,"column":16}}],"line":110},"8":{"loc":{"start":{"line":124,"column":6},"end":{"line":131,"column":7}},"type":"switch","locations":[{"start":{"line":125,"column":8},"end":{"line":127,"column":16}},{"start":{"line":128,"column":8},"end":{"line":130,"column":16}}],"line":124},"9":{"loc":{"start":{"line":159,"column":4},"end":{"line":169,"column":5}},"type":"if","locations":[{"start":{"line":159,"column":4},"end":{"line":169,"column":5}},{"start":{"line":159,"column":4},"end":{"line":169,"column":5}}],"line":159},"10":{"loc":{"start":{"line":160,"column":6},"end":{"line":166,"column":27}},"type":"binary-expr","locations":[{"start":{"line":160,"column":6},"end":{"line":160,"column":29}},{"start":{"line":161,"column":6},"end":{"line":161,"column":29}},{"start":{"line":162,"column":6},"end":{"line":162,"column":25}},{"start":{"line":163,"column":6},"end":{"line":163,"column":31}},{"start":{"line":164,"column":6},"end":{"line":164,"column":29}},{"start":{"line":165,"column":6},"end":{"line":165,"column":33}},{"start":{"line":166,"column":6},"end":{"line":166,"column":27}}],"line":160}},"s":{"0":4,"1":106,"2":106,"3":106,"4":106,"5":106,"6":106,"7":106,"8":44,"9":44,"10":44,"11":37,"12":7,"13":7,"14":7,"15":7,"16":10,"17":10,"18":10,"19":10,"20":3,"21":3,"22":44,"23":11,"24":11,"25":33,"26":33,"27":106,"28":1,"29":1,"30":106,"31":65,"32":56,"33":12,"34":12,"35":12,"36":12,"37":11,"38":11,"39":10,"40":10,"41":11,"42":11,"43":56,"44":9,"45":1,"46":1,"47":1,"48":1,"49":2,"50":2,"51":3,"52":3,"53":2,"54":2,"55":9,"56":106,"57":70,"58":29,"59":15,"60":15,"61":14,"62":14,"63":29,"64":41,"65":9,"66":9,"67":32,"68":32,"69":41,"70":106,"71":13,"72":13,"73":13,"74":13,"75":13,"76":13,"77":13,"78":13,"79":13,"80":4,"81":9,"82":9,"83":106,"84":4,"85":90,"86":4,"87":16,"88":9},"f":{"0":106,"1":44,"2":1,"3":65,"4":70,"5":13,"6":90,"7":16,"8":9},"b":{"0":[37,7],"1":[7,7,10,10,3],"2":[11,33],"3":[56,9],"4":[12,12,11,10,11],"5":[1,1,2,3,2],"6":[29,41],"7":[15,14],"8":[9,32],"9":[4,9],"10":[13,12,11,9,6,4,4]},"_coverageSchema":"43e27e138ebf9cfc5966b082cf9a028302ed4184","hash":"1e9e0cf09dc6ea4eb73cbdefa0fab35d9c679f50"}
,"D:\\CondorTrabajoenCasa\\newsreact\\src\\components\\formContainer\\formData.js": {"path":"D:\\CondorTrabajoenCasa\\newsreact\\src\\components\\formContainer\\formData.js","statementMap":{"0":{"start":{"line":1,"column":36},"end":{"line":8,"column":1}}},"fnMap":{},"branchMap":{},"s":{"0":4},"f":{},"b":{},"_coverageSchema":"43e27e138ebf9cfc5966b082cf9a028302ed4184","hash":"e9ea38e549e5728b15aad5fb9ca113d6c43a8556"}
,"D:\\CondorTrabajoenCasa\\newsreact\\src\\components\\formContainer\\index.js": {"path":"D:\\CondorTrabajoenCasa\\newsreact\\src\\components\\formContainer\\index.js","statementMap":{},"fnMap":{},"branchMap":{},"s":{},"f":{},"b":{},"_coverageSchema":"43e27e138ebf9cfc5966b082cf9a028302ed4184","hash":"73dc06f5c75b596ea5c1892b5bdcf9277f71180f"}
,"D:\\CondorTrabajoenCasa\\newsreact\\src\\components\\header\\header.js": {"path":"D:\\CondorTrabajoenCasa\\newsreact\\src\\components\\header\\header.js","statementMap":{"0":{"start":{"line":11,"column":15},"end":{"line":55,"column":1}},"1":{"start":{"line":12,"column":2},"end":{"line":54,"column":4}}},"fnMap":{"0":{"name":"(anonymous_0)","decl":{"start":{"line":11,"column":15},"end":{"line":11,"column":16}},"loc":{"start":{"line":11,"column":21},"end":{"line":55,"column":1}},"line":11}},"branchMap":{},"s":{"0":3,"1":2},"f":{"0":2},"b":{},"_coverageSchema":"43e27e138ebf9cfc5966b082cf9a028302ed4184","hash":"fbac6e51fb6d46efac7bc1410efa9300c2f879f3"}
,"D:\\CondorTrabajoenCasa\\newsreact\\src\\components\\header\\index.js": {"path":"D:\\CondorTrabajoenCasa\\newsreact\\src\\components\\header\\index.js","statementMap":{},"fnMap":{},"branchMap":{},"s":{},"f":{},"b":{},"_coverageSchema":"43e27e138ebf9cfc5966b082cf9a028302ed4184","hash":"2739f340903ee3d056978ad0e40c29f5946e81ae"}
,"D:\\CondorTrabajoenCasa\\newsreact\\src\\components\\modalForm\\index.js": {"path":"D:\\CondorTrabajoenCasa\\newsreact\\src\\components\\modalForm\\index.js","statementMap":{},"fnMap":{},"branchMap":{},"s":{},"f":{},"b":{},"_coverageSchema":"43e27e138ebf9cfc5966b082cf9a028302ed4184","hash":"93408eb42458cab42ad481b2ec2d71e24877cf71"}
,"D:\\CondorTrabajoenCasa\\newsreact\\src\\components\\modalForm\\modalForm.js": {"path":"D:\\CondorTrabajoenCasa\\newsreact\\src\\components\\modalForm\\modalForm.js","statementMap":{"0":{"start":{"line":5,"column":18},"end":{"line":48,"column":1}},"1":{"start":{"line":14,"column":6},"end":{"line":14,"column":20}},"2":{"start":{"line":16,"column":16},"end":{"line":18,"column":3}},"3":{"start":{"line":17,"column":4},"end":{"line":17,"column":23}},"4":{"start":{"line":20,"column":2},"end":{"line":47,"column":4}},"5":{"start":{"line":50,"column":31},"end":{"line":54,"column":1}},"6":{"start":{"line":51,"column":2},"end":{"line":53,"column":4}},"7":{"start":{"line":56,"column":34},"end":{"line":66,"column":1}},"8":{"start":{"line":57,"column":2},"end":{"line":65,"column":4}},"9":{"start":{"line":59,"column":6},"end":{"line":64,"column":8}}},"fnMap":{"0":{"name":"(anonymous_0)","decl":{"start":{"line":5,"column":18},"end":{"line":5,"column":19}},"loc":{"start":{"line":5,"column":29},"end":{"line":48,"column":1}},"line":5},"1":{"name":"(anonymous_1)","decl":{"start":{"line":16,"column":16},"end":{"line":16,"column":17}},"loc":{"start":{"line":16,"column":23},"end":{"line":18,"column":3}},"line":16},"2":{"name":"(anonymous_2)","decl":{"start":{"line":50,"column":31},"end":{"line":50,"column":32}},"loc":{"start":{"line":50,"column":42},"end":{"line":54,"column":1}},"line":50},"3":{"name":"(anonymous_3)","decl":{"start":{"line":56,"column":34},"end":{"line":56,"column":35}},"loc":{"start":{"line":56,"column":48},"end":{"line":66,"column":1}},"line":56},"4":{"name":"(anonymous_4)","decl":{"start":{"line":58,"column":11},"end":{"line":58,"column":12}},"loc":{"start":{"line":59,"column":6},"end":{"line":64,"column":8}},"line":59}},"branchMap":{},"s":{"0":3,"1":9,"2":9,"3":1,"4":9,"5":3,"6":10,"7":3,"8":5,"9":1},"f":{"0":9,"1":1,"2":10,"3":5,"4":1},"b":{},"_coverageSchema":"43e27e138ebf9cfc5966b082cf9a028302ed4184","hash":"b1e18d78c43a1a7cfbc5ccf61b1cd8ccb52b418b"}
,"D:\\CondorTrabajoenCasa\\newsreact\\src\\components\\news\\index.js": {"path":"D:\\CondorTrabajoenCasa\\newsreact\\src\\components\\news\\index.js","statementMap":{},"fnMap":{},"branchMap":{},"s":{},"f":{},"b":{},"_coverageSchema":"43e27e138ebf9cfc5966b082cf9a028302ed4184","hash":"84f51c443209616043931d586f6020426f5a87f2"}
,"D:\\CondorTrabajoenCasa\\newsreact\\src\\components\\news\\news.js": {"path":"D:\\CondorTrabajoenCasa\\newsreact\\src\\components\\news\\news.js","statementMap":{"0":{"start":{"line":4,"column":13},"end":{"line":28,"column":1}},"1":{"start":{"line":5,"column":35},"end":{"line":5,"column":40}},"2":{"start":{"line":6,"column":18},"end":{"line":6,"column":23}},"3":{"start":{"line":8,"column":2},"end":{"line":11,"column":3}},"4":{"start":{"line":9,"column":4},"end":{"line":10,"column":96}},"5":{"start":{"line":13,"column":2},"end":{"line":27,"column":4}}},"fnMap":{"0":{"name":"(anonymous_0)","decl":{"start":{"line":4,"column":13},"end":{"line":4,"column":14}},"loc":{"start":{"line":4,"column":24},"end":{"line":28,"column":1}},"line":4}},"branchMap":{"0":{"loc":{"start":{"line":8,"column":2},"end":{"line":11,"column":3}},"type":"if","locations":[{"start":{"line":8,"column":2},"end":{"line":11,"column":3}},{"start":{"line":8,"column":2},"end":{"line":11,"column":3}}],"line":8}},"s":{"0":5,"1":10,"2":10,"3":10,"4":1,"5":10},"f":{"0":10},"b":{"0":[1,9]},"_coverageSchema":"43e27e138ebf9cfc5966b082cf9a028302ed4184","hash":"97059336c87a96772218d06c341dc2bdbb0b1b53"}
,"D:\\CondorTrabajoenCasa\\newsreact\\src\\components\\newsContainer\\index.js": {"path":"D:\\CondorTrabajoenCasa\\newsreact\\src\\components\\newsContainer\\index.js","statementMap":{},"fnMap":{},"branchMap":{},"s":{},"f":{},"b":{},"_coverageSchema":"43e27e138ebf9cfc5966b082cf9a028302ed4184","hash":"123ee042a7f5608fca082b1275703edfcece4cbf"}
,"D:\\CondorTrabajoenCasa\\newsreact\\src\\components\\newsContainer\\newsContainer.js": {"path":"D:\\CondorTrabajoenCasa\\newsreact\\src\\components\\newsContainer\\newsContainer.js","statementMap":{"0":{"start":{"line":6,"column":22},"end":{"line":39,"column":1}},"1":{"start":{"line":7,"column":16},"end":{"line":7,"column":31}},"2":{"start":{"line":8,"column":32},"end":{"line":10,"column":3}},"3":{"start":{"line":11,"column":2},"end":{"line":38,"column":4}},"4":{"start":{"line":17,"column":12},"end":{"line":33,"column":13}}},"fnMap":{"0":{"name":"(anonymous_0)","decl":{"start":{"line":6,"column":22},"end":{"line":6,"column":23}},"loc":{"start":{"line":6,"column":33},"end":{"line":39,"column":1}},"line":6},"1":{"name":"(anonymous_1)","decl":{"start":{"line":16,"column":39},"end":{"line":16,"column":40}},"loc":{"start":{"line":17,"column":12},"end":{"line":33,"column":13}},"line":17}},"branchMap":{"0":{"loc":{"start":{"line":14,"column":9},"end":{"line":14,"column":44}},"type":"binary-expr","locations":[{"start":{"line":14,"column":9},"end":{"line":14,"column":18}},{"start":{"line":14,"column":22},"end":{"line":14,"column":44}}],"line":14},"1":{"loc":{"start":{"line":17,"column":12},"end":{"line":33,"column":13}},"type":"cond-expr","locations":[{"start":{"line":18,"column":14},"end":{"line":30,"column":20}},{"start":{"line":32,"column":14},"end":{"line":32,"column":58}}],"line":17}},"s":{"0":4,"1":8,"2":8,"3":8,"4":40},"f":{"0":8,"1":40},"b":{"0":[8,7],"1":[8,32]},"_coverageSchema":"43e27e138ebf9cfc5966b082cf9a028302ed4184","hash":"1122e7170fd9284d58b0ad4e0a56874464570cc1"}
,"D:\\CondorTrabajoenCasa\\newsreact\\src\\components\\notice\\index.js": {"path":"D:\\CondorTrabajoenCasa\\newsreact\\src\\components\\notice\\index.js","statementMap":{},"fnMap":{},"branchMap":{},"s":{},"f":{},"b":{},"_coverageSchema":"43e27e138ebf9cfc5966b082cf9a028302ed4184","hash":"d242a85a8109ad4e89b15fb1a0a45e39216144ae"}
,"D:\\CondorTrabajoenCasa\\newsreact\\src\\components\\notice\\notice.js": {"path":"D:\\CondorTrabajoenCasa\\newsreact\\src\\components\\notice\\notice.js","statementMap":{"0":{"start":{"line":4,"column":15},"end":{"line":23,"column":1}},"1":{"start":{"line":5,"column":29},"end":{"line":5,"column":43}},"2":{"start":{"line":6,"column":24},"end":{"line":9,"column":3}},"3":{"start":{"line":7,"column":4},"end":{"line":7,"column":23}},"4":{"start":{"line":8,"column":4},"end":{"line":8,"column":22}},"5":{"start":{"line":11,"column":2},"end":{"line":22,"column":4}}},"fnMap":{"0":{"name":"(anonymous_0)","decl":{"start":{"line":4,"column":15},"end":{"line":4,"column":16}},"loc":{"start":{"line":4,"column":21},"end":{"line":23,"column":1}},"line":4},"1":{"name":"(anonymous_1)","decl":{"start":{"line":6,"column":24},"end":{"line":6,"column":25}},"loc":{"start":{"line":6,"column":31},"end":{"line":9,"column":3}},"line":6}},"branchMap":{"0":{"loc":{"start":{"line":13,"column":7},"end":{"line":20,"column":7}},"type":"binary-expr","locations":[{"start":{"line":13,"column":7},"end":{"line":13,"column":14}},{"start":{"line":14,"column":8},"end":{"line":19,"column":16}}],"line":13}},"s":{"0":3,"1":3,"2":3,"3":1,"4":1,"5":3},"f":{"0":3,"1":1},"b":{"0":[3,2]},"_coverageSchema":"43e27e138ebf9cfc5966b082cf9a028302ed4184","hash":"3857f8db4a3f1e8d6ea121e343d195e92ccb54c0"}
,"D:\\CondorTrabajoenCasa\\newsreact\\src\\components\\subscribe\\index.js": {"path":"D:\\CondorTrabajoenCasa\\newsreact\\src\\components\\subscribe\\index.js","statementMap":{},"fnMap":{},"branchMap":{},"s":{},"f":{},"b":{},"hash":"e705808f0df37c05e1748a712c4ca90103774a8d"}
,"D:\\CondorTrabajoenCasa\\newsreact\\src\\components\\subscribe\\subscribe.js": {"path":"D:\\CondorTrabajoenCasa\\newsreact\\src\\components\\subscribe\\subscribe.js","statementMap":{"0":{"start":{"line":4,"column":18},"end":{"line":24,"column":1}},"1":{"start":{"line":5,"column":2},"end":{"line":23,"column":4}}},"fnMap":{"0":{"name":"(anonymous_0)","decl":{"start":{"line":4,"column":18},"end":{"line":4,"column":19}},"loc":{"start":{"line":4,"column":24},"end":{"line":24,"column":1}},"line":4}},"branchMap":{},"s":{"0":3,"1":2},"f":{"0":2},"b":{},"_coverageSchema":"43e27e138ebf9cfc5966b082cf9a028302ed4184","hash":"fd79e2a3285a112165b7a5cd1edc744cfbf8a43c"}
,"D:\\CondorTrabajoenCasa\\newsreact\\src\\controllers\\data.js": {"path":"D:\\CondorTrabajoenCasa\\newsreact\\src\\controllers\\data.js","statementMap":{"0":{"start":{"line":1,"column":24},"end":{"line":300,"column":1}}},"fnMap":{},"branchMap":{},"s":{"0":1},"f":{},"b":{},"_coverageSchema":"43e27e138ebf9cfc5966b082cf9a028302ed4184","hash":"4a4f01433f2097171cb59ee99bb49a85f184dedd"}
,"D:\\CondorTrabajoenCasa\\newsreact\\src\\controllers\\inputsController.js": {"path":"D:\\CondorTrabajoenCasa\\newsreact\\src\\controllers\\inputsController.js","statementMap":{"0":{"start":{"line":1,"column":25},"end":{"line":6,"column":1}},"1":{"start":{"line":2,"column":2},"end":{"line":4,"column":3}},"2":{"start":{"line":3,"column":4},"end":{"line":3,"column":16}},"3":{"start":{"line":5,"column":2},"end":{"line":5,"column":15}}},"fnMap":{"0":{"name":"(anonymous_0)","decl":{"start":{"line":1,"column":25},"end":{"line":1,"column":26}},"loc":{"start":{"line":1,"column":36},"end":{"line":6,"column":1}},"line":1}},"branchMap":{"0":{"loc":{"start":{"line":2,"column":2},"end":{"line":4,"column":3}},"type":"if","locations":[{"start":{"line":2,"column":2},"end":{"line":4,"column":3}},{"start":{"line":2,"column":2},"end":{"line":4,"column":3}}],"line":2}},"s":{"0":5,"1":67,"2":57,"3":10},"f":{"0":67},"b":{"0":[57,10]},"_coverageSchema":"43e27e138ebf9cfc5966b082cf9a028302ed4184","hash":"9f20763ff6e418ea8b466c3f617300424ed74b01"}
,"D:\\CondorTrabajoenCasa\\newsreact\\src\\controllers\\regularExpresion.js": {"path":"D:\\CondorTrabajoenCasa\\newsreact\\src\\controllers\\regularExpresion.js","statementMap":{"0":{"start":{"line":1,"column":25},"end":{"line":24,"column":1}},"1":{"start":{"line":2,"column":2},"end":{"line":23,"column":3}},"2":{"start":{"line":4,"column":6},"end":{"line":8,"column":7}},"3":{"start":{"line":5,"column":8},"end":{"line":5,"column":21}},"4":{"start":{"line":7,"column":8},"end":{"line":7,"column":20}},"5":{"start":{"line":11,"column":6},"end":{"line":19,"column":7}},"6":{"start":{"line":16,"column":8},"end":{"line":16,"column":21}},"7":{"start":{"line":18,"column":8},"end":{"line":18,"column":20}},"8":{"start":{"line":22,"column":6},"end":{"line":22,"column":18}}},"fnMap":{"0":{"name":"(anonymous_0)","decl":{"start":{"line":1,"column":25},"end":{"line":1,"column":26}},"loc":{"start":{"line":1,"column":47},"end":{"line":24,"column":1}},"line":1}},"branchMap":{"0":{"loc":{"start":{"line":2,"column":2},"end":{"line":23,"column":3}},"type":"switch","locations":[{"start":{"line":3,"column":4},"end":{"line":8,"column":7}},{"start":{"line":10,"column":4},"end":{"line":19,"column":7}},{"start":{"line":21,"column":4},"end":{"line":22,"column":18}}],"line":2},"1":{"loc":{"start":{"line":4,"column":6},"end":{"line":8,"column":7}},"type":"if","locations":[{"start":{"line":4,"column":6},"end":{"line":8,"column":7}},{"start":{"line":4,"column":6},"end":{"line":8,"column":7}}],"line":4},"2":{"loc":{"start":{"line":11,"column":6},"end":{"line":19,"column":7}},"type":"if","locations":[{"start":{"line":11,"column":6},"end":{"line":19,"column":7}},{"start":{"line":11,"column":6},"end":{"line":19,"column":7}}],"line":11}},"s":{"0":5,"1":81,"2":27,"3":11,"4":16,"5":28,"6":10,"7":18,"8":26},"f":{"0":81},"b":{"0":[27,28,26],"1":[11,16],"2":[10,18]},"_coverageSchema":"43e27e138ebf9cfc5966b082cf9a028302ed4184","hash":"86cef33c5dc5752cbf753462944a437a2b207689"}
,"D:\\CondorTrabajoenCasa\\newsreact\\src\\controllers\\useFetch.js": {"path":"D:\\CondorTrabajoenCasa\\newsreact\\src\\controllers\\useFetch.js","statementMap":{"0":{"start":{"line":4,"column":17},"end":{"line":19,"column":1}},"1":{"start":{"line":5,"column":34},"end":{"line":5,"column":46}},"2":{"start":{"line":6,"column":35},"end":{"line":6,"column":49}},"3":{"start":{"line":8,"column":2},"end":{"line":16,"column":12}},"4":{"start":{"line":9,"column":4},"end":{"line":9,"column":21}},"5":{"start":{"line":10,"column":4},"end":{"line":15,"column":9}},"6":{"start":{"line":11,"column":21},"end":{"line":11,"column":31}},"7":{"start":{"line":13,"column":8},"end":{"line":13,"column":35}},"8":{"start":{"line":14,"column":8},"end":{"line":14,"column":26}},"9":{"start":{"line":18,"column":2},"end":{"line":18,"column":32}}},"fnMap":{"0":{"name":"(anonymous_0)","decl":{"start":{"line":4,"column":17},"end":{"line":4,"column":18}},"loc":{"start":{"line":4,"column":26},"end":{"line":19,"column":1}},"line":4},"1":{"name":"(anonymous_1)","decl":{"start":{"line":8,"column":12},"end":{"line":8,"column":13}},"loc":{"start":{"line":8,"column":18},"end":{"line":16,"column":3}},"line":8},"2":{"name":"(anonymous_2)","decl":{"start":{"line":11,"column":12},"end":{"line":11,"column":13}},"loc":{"start":{"line":11,"column":21},"end":{"line":11,"column":31}},"line":11},"3":{"name":"(anonymous_3)","decl":{"start":{"line":12,"column":12},"end":{"line":12,"column":13}},"loc":{"start":{"line":12,"column":22},"end":{"line":15,"column":7}},"line":12}},"branchMap":{},"s":{"0":4,"1":8,"2":8,"3":8,"4":3,"5":3,"6":3,"7":3,"8":2,"9":8},"f":{"0":8,"1":3,"2":3,"3":3},"b":{},"_coverageSchema":"43e27e138ebf9cfc5966b082cf9a028302ed4184","hash":"f9eb3edf20ef8f76b923cad922aa95484420253d"}
,"D:\\CondorTrabajoenCasa\\newsreact\\src\\redux\\store.js": {"path":"D:\\CondorTrabajoenCasa\\newsreact\\src\\redux\\store.js","statementMap":{"0":{"start":{"line":4,"column":14},"end":{"line":4,"column":35}}},"fnMap":{},"branchMap":{},"s":{"0":4},"f":{},"b":{},"_coverageSchema":"43e27e138ebf9cfc5966b082cf9a028302ed4184","hash":"5f00e6851e9f54ffbc968de2975943186bd1082b"}
,"D:\\CondorTrabajoenCasa\\newsreact\\src\\redux\\actions\\infoFormActions.js": {"path":"D:\\CondorTrabajoenCasa\\newsreact\\src\\redux\\actions\\infoFormActions.js","statementMap":{"0":{"start":{"line":1,"column":20},"end":{"line":1,"column":26}},"1":{"start":{"line":2,"column":21},"end":{"line":2,"column":28}},"2":{"start":{"line":4,"column":20},"end":{"line":8,"column":1}},"3":{"start":{"line":5,"column":2},"end":{"line":7,"column":4}},"4":{"start":{"line":10,"column":21},"end":{"line":14,"column":1}},"5":{"start":{"line":11,"column":2},"end":{"line":13,"column":4}}},"fnMap":{"0":{"name":"(anonymous_0)","decl":{"start":{"line":4,"column":20},"end":{"line":4,"column":21}},"loc":{"start":{"line":4,"column":26},"end":{"line":8,"column":1}},"line":4},"1":{"name":"(anonymous_1)","decl":{"start":{"line":10,"column":21},"end":{"line":10,"column":22}},"loc":{"start":{"line":10,"column":27},"end":{"line":14,"column":1}},"line":10}},"branchMap":{},"s":{"0":5,"1":5,"2":5,"3":1,"4":5,"5":1},"f":{"0":1,"1":1},"b":{},"_coverageSchema":"43e27e138ebf9cfc5966b082cf9a028302ed4184","hash":"12d0dfb4eb54eb0bf6cb62fa60ed7ea9f3a064e8"}
,"D:\\CondorTrabajoenCasa\\newsreact\\src\\redux\\reducers\\index.js": {"path":"D:\\CondorTrabajoenCasa\\newsreact\\src\\redux\\reducers\\index.js","statementMap":{},"fnMap":{},"branchMap":{},"s":{},"f":{},"b":{},"hash":"307c0dd3f80515dbdcaca021cdd6a63f6cab5786"}
,"D:\\CondorTrabajoenCasa\\newsreact\\src\\redux\\reducers\\infoForm.js": {"path":"D:\\CondorTrabajoenCasa\\newsreact\\src\\redux\\reducers\\infoForm.js","statementMap":{"0":{"start":{"line":3,"column":20},"end":{"line":12,"column":1}},"1":{"start":{"line":14,"column":17},"end":{"line":34,"column":1}},"2":{"start":{"line":15,"column":2},"end":{"line":33,"column":3}},"3":{"start":{"line":17,"column":6},"end":{"line":25,"column":8}},"4":{"start":{"line":27,"column":6},"end":{"line":30,"column":8}},"5":{"start":{"line":32,"column":6},"end":{"line":32,"column":19}}},"fnMap":{"0":{"name":"(anonymous_0)","decl":{"start":{"line":14,"column":17},"end":{"line":14,"column":18}},"loc":{"start":{"line":14,"column":50},"end":{"line":34,"column":1}},"line":14}},"branchMap":{"0":{"loc":{"start":{"line":14,"column":18},"end":{"line":14,"column":37}},"type":"default-arg","locations":[{"start":{"line":14,"column":26},"end":{"line":14,"column":37}}],"line":14},"1":{"loc":{"start":{"line":15,"column":2},"end":{"line":33,"column":3}},"type":"switch","locations":[{"start":{"line":16,"column":4},"end":{"line":25,"column":8}},{"start":{"line":26,"column":4},"end":{"line":30,"column":8}},{"start":{"line":31,"column":4},"end":{"line":32,"column":19}}],"line":15}},"s":{"0":4,"1":4,"2":14,"3":9,"4":1,"5":4},"f":{"0":14},"b":{"0":[4],"1":[9,1,4]},"_coverageSchema":"43e27e138ebf9cfc5966b082cf9a028302ed4184","hash":"0908b46567247db8060cf15524711b148f736ec3"}
}
