TN:
SF:D:\CondorTrabajoenCasa\newsreact\src\App.js
FN:19,App
FN:23,(anonymous_1)
FNF:2
FNH:2
FNDA:2,App
FNDA:1,(anonymous_1)
DA:20,2
DA:22,2
DA:23,2
DA:24,1
DA:27,2
LF:5
LH:5
BRF:0
BRH:0
end_of_record
TN:
SF:D:\CondorTrabajoenCasa\newsreact\src\index.js
FN:5,renderToDOM
FNF:1
FNH:1
FNDA:2,renderToDOM
DA:6,2
DA:7,2
DA:8,1
DA:11,1
LF:4
LH:4
BRDA:7,0,0,1
BRDA:7,0,1,1
BRF:2
BRH:2
end_of_record
TN:
SF:D:\CondorTrabajoenCasa\newsreact\src\components\formContainer\formContainer.js
FN:11,(anonymous_0)
FN:16,(anonymous_1)
FN:34,(anonymous_2)
FN:40,(anonymous_3)
FN:55,(anonymous_4)
FN:70,(anonymous_5)
FN:80,(anonymous_6)
FN:182,(anonymous_7)
FN:187,(anonymous_8)
FN:189,(anonymous_9)
FNF:10
FNH:10
FNDA:121,(anonymous_0)
FNDA:44,(anonymous_1)
FNDA:1,(anonymous_2)
FNDA:60,(anonymous_3)
FNDA:46,(anonymous_4)
FNDA:12,(anonymous_5)
FNDA:60,(anonymous_6)
FNDA:109,(anonymous_7)
FNDA:16,(anonymous_8)
FNDA:12,(anonymous_9)
DA:11,4
DA:12,121
DA:13,121
DA:14,121
DA:15,121
DA:16,121
DA:17,44
DA:18,44
DA:19,44
DA:20,44
DA:24,44
DA:25,37
DA:30,44
DA:31,22
DA:34,121
DA:35,1
DA:40,121
DA:41,60
DA:42,51
DA:46,51
DA:48,9
DA:52,9
DA:55,121
DA:56,46
DA:57,27
DA:61,27
DA:63,19
DA:67,19
DA:70,121
DA:71,12
DA:72,12
DA:73,12
DA:74,12
DA:75,12
DA:76,12
DA:77,12
DA:78,12
DA:79,12
DA:80,12
DA:81,60
DA:82,53
DA:83,53
DA:86,12
DA:87,12
DA:88,0
DA:99,12
DA:101,121
DA:182,4
DA:183,109
DA:187,4
DA:188,16
DA:199,12
LF:52
LH:51
BRDA:24,0,0,37
BRDA:24,0,1,7
BRDA:30,1,0,22
BRDA:30,1,1,22
BRDA:30,2,0,44
BRDA:30,2,1,33
BRDA:41,3,0,51
BRDA:41,3,1,9
BRDA:56,4,0,27
BRDA:56,4,1,19
BRDA:81,5,0,53
BRDA:81,5,1,7
BRDA:87,6,0,0
BRDA:87,6,1,12
BRF:14
BRH:13
end_of_record
TN:
SF:D:\CondorTrabajoenCasa\newsreact\src\components\formContainer\formData.js
FNF:0
FNH:0
DA:1,4
LF:1
LH:1
BRF:0
BRH:0
end_of_record
TN:
SF:D:\CondorTrabajoenCasa\newsreact\src\components\formContainer\index.js
FNF:0
FNH:0
LF:0
LH:0
BRF:0
BRH:0
end_of_record
TN:
SF:D:\CondorTrabajoenCasa\newsreact\src\components\header\header.js
FN:11,(anonymous_0)
FNF:1
FNH:1
FNDA:3,(anonymous_0)
DA:11,3
DA:12,3
LF:2
LH:2
BRF:0
BRH:0
end_of_record
TN:
SF:D:\CondorTrabajoenCasa\newsreact\src\components\header\index.js
FNF:0
FNH:0
LF:0
LH:0
BRF:0
BRH:0
end_of_record
TN:
SF:D:\CondorTrabajoenCasa\newsreact\src\components\modalForm\index.js
FNF:0
FNH:0
LF:0
LH:0
BRF:0
BRH:0
end_of_record
TN:
SF:D:\CondorTrabajoenCasa\newsreact\src\components\modalForm\modalForm.js
FN:5,(anonymous_0)
FN:16,(anonymous_1)
FN:50,(anonymous_2)
FN:56,(anonymous_3)
FN:58,(anonymous_4)
FNF:5
FNH:5
FNDA:10,(anonymous_0)
FNDA:1,(anonymous_1)
FNDA:11,(anonymous_2)
FNDA:6,(anonymous_3)
FNDA:1,(anonymous_4)
DA:5,3
DA:14,10
DA:16,10
DA:17,1
DA:20,10
DA:50,3
DA:51,11
DA:56,3
DA:57,6
DA:59,1
LF:10
LH:10
BRF:0
BRH:0
end_of_record
TN:
SF:D:\CondorTrabajoenCasa\newsreact\src\components\news\index.js
FNF:0
FNH:0
LF:0
LH:0
BRF:0
BRH:0
end_of_record
TN:
SF:D:\CondorTrabajoenCasa\newsreact\src\components\news\news.js
FN:4,(anonymous_0)
FNF:1
FNH:1
FNDA:10,(anonymous_0)
DA:4,5
DA:5,10
DA:6,10
DA:8,10
DA:9,1
DA:13,10
LF:6
LH:6
BRDA:8,0,0,1
BRDA:8,0,1,9
BRF:2
BRH:2
end_of_record
TN:
SF:D:\CondorTrabajoenCasa\newsreact\src\components\newsContainer\index.js
FNF:0
FNH:0
LF:0
LH:0
BRF:0
BRH:0
end_of_record
TN:
SF:D:\CondorTrabajoenCasa\newsreact\src\components\newsContainer\newsContainer.js
FN:6,(anonymous_0)
FN:16,(anonymous_1)
FNF:2
FNH:2
FNDA:11,(anonymous_0)
FNDA:40,(anonymous_1)
DA:6,4
DA:7,11
DA:8,11
DA:11,11
DA:17,40
LF:5
LH:5
BRDA:14,0,0,11
BRDA:14,0,1,10
BRDA:17,1,0,8
BRDA:17,1,1,32
BRF:4
BRH:4
end_of_record
TN:
SF:D:\CondorTrabajoenCasa\newsreact\src\components\notice\index.js
FNF:0
FNH:0
LF:0
LH:0
BRF:0
BRH:0
end_of_record
TN:
SF:D:\CondorTrabajoenCasa\newsreact\src\components\notice\notice.js
FN:4,(anonymous_0)
FN:6,(anonymous_1)
FNF:2
FNH:2
FNDA:4,(anonymous_0)
FNDA:1,(anonymous_1)
DA:4,3
DA:5,4
DA:6,4
DA:7,1
DA:8,1
DA:11,4
LF:6
LH:6
BRDA:13,0,0,4
BRDA:13,0,1,3
BRF:2
BRH:2
end_of_record
TN:
SF:D:\CondorTrabajoenCasa\newsreact\src\components\subscribe\index.js
FNF:0
FNH:0
LF:0
LH:0
BRF:0
BRH:0
end_of_record
TN:
SF:D:\CondorTrabajoenCasa\newsreact\src\components\subscribe\subscribe.js
FN:4,(anonymous_0)
FNF:1
FNH:1
FNDA:3,(anonymous_0)
DA:4,3
DA:5,3
LF:2
LH:2
BRF:0
BRH:0
end_of_record
TN:
SF:D:\CondorTrabajoenCasa\newsreact\src\controllers\data.js
FNF:0
FNH:0
DA:1,1
LF:1
LH:1
BRF:0
BRH:0
end_of_record
TN:
SF:D:\CondorTrabajoenCasa\newsreact\src\controllers\inputsController.js
FN:1,(anonymous_0)
FNF:1
FNH:1
FNDA:62,(anonymous_0)
DA:1,5
DA:2,62
DA:3,52
DA:5,10
LF:4
LH:4
BRDA:2,0,0,52
BRDA:2,0,1,10
BRF:2
BRH:2
end_of_record
TN:
SF:D:\CondorTrabajoenCasa\newsreact\src\controllers\regularExpresion.js
FN:1,(anonymous_0)
FNF:1
FNH:1
FNDA:57,(anonymous_0)
DA:1,5
DA:2,57
DA:4,26
DA:5,11
DA:7,15
DA:11,27
DA:16,10
DA:18,17
DA:22,4
LF:9
LH:9
BRDA:2,0,0,26
BRDA:2,0,1,27
BRDA:2,0,2,4
BRDA:4,1,0,11
BRDA:4,1,1,15
BRDA:11,2,0,10
BRDA:11,2,1,17
BRF:7
BRH:7
end_of_record
TN:
SF:D:\CondorTrabajoenCasa\newsreact\src\controllers\useFetch.js
FN:4,(anonymous_0)
FN:8,(anonymous_1)
FN:11,(anonymous_2)
FN:12,(anonymous_3)
FNF:4
FNH:4
FNDA:11,(anonymous_0)
FNDA:4,(anonymous_1)
FNDA:4,(anonymous_2)
FNDA:4,(anonymous_3)
DA:4,4
DA:5,11
DA:6,11
DA:8,11
DA:9,4
DA:10,4
DA:11,4
DA:13,4
DA:14,2
DA:18,11
LF:10
LH:10
BRF:0
BRH:0
end_of_record
TN:
SF:D:\CondorTrabajoenCasa\newsreact\src\redux\store.js
FNF:0
FNH:0
DA:4,4
LF:1
LH:1
BRF:0
BRH:0
end_of_record
TN:
SF:D:\CondorTrabajoenCasa\newsreact\src\redux\actions\infoFormActions.js
FN:4,(anonymous_0)
FN:10,(anonymous_1)
FNF:2
FNH:2
FNDA:1,(anonymous_0)
FNDA:1,(anonymous_1)
DA:1,5
DA:2,5
DA:4,5
DA:5,1
DA:10,5
DA:11,1
LF:6
LH:6
BRF:0
BRH:0
end_of_record
TN:
SF:D:\CondorTrabajoenCasa\newsreact\src\redux\reducers\index.js
FNF:0
FNH:0
LF:0
LH:0
BRF:0
BRH:0
end_of_record
TN:
SF:D:\CondorTrabajoenCasa\newsreact\src\redux\reducers\infoForm.js
FN:14,(anonymous_0)
FNF:1
FNH:1
FNDA:17,(anonymous_0)
DA:3,4
DA:14,4
DA:15,17
DA:17,12
DA:27,1
DA:32,4
LF:6
LH:6
BRDA:14,0,0,4
BRDA:15,1,0,12
BRDA:15,1,1,1
BRDA:15,1,2,4
BRF:4
BRH:4
end_of_record
