TN:
SF:D:\CondorTrabajoenCasa\newsreact\src\App.js
FN:19,App
FN:23,(anonymous_1)
FNF:2
FNH:2
FNDA:2,App
FNDA:1,(anonymous_1)
DA:20,2
DA:22,2
DA:23,2
DA:24,1
DA:27,2
LF:5
LH:5
BRF:0
BRH:0
end_of_record
TN:
SF:D:\CondorTrabajoenCasa\newsreact\src\index.js
FN:5,renderToDOM
FNF:1
FNH:1
FNDA:2,renderToDOM
DA:6,2
DA:7,2
DA:8,1
DA:11,1
LF:4
LH:4
BRDA:7,0,0,1
BRDA:7,0,1,1
BRF:2
BRH:2
end_of_record
TN:
SF:D:\CondorTrabajoenCasa\newsreact\src\components\formContainer\formContainer.js
FN:11,(anonymous_0)
FN:19,(anonymous_1)
FN:53,(anonymous_2)
FN:60,(anonymous_3)
FN:111,(anonymous_4)
FN:138,(anonymous_5)
FN:264,(anonymous_6)
FN:269,(anonymous_7)
FN:271,(anonymous_8)
FNF:9
FNH:9
FNDA:107,(anonymous_0)
FNDA:44,(anonymous_1)
FNDA:1,(anonymous_2)
FNDA:65,(anonymous_3)
FNDA:70,(anonymous_4)
FNDA:13,(anonymous_5)
FNDA:91,(anonymous_6)
FNDA:17,(anonymous_7)
FNDA:9,(anonymous_8)
DA:11,4
DA:12,107
DA:13,107
DA:14,107
DA:15,107
DA:16,107
DA:17,107
DA:19,107
DA:20,44
DA:21,44
DA:25,44
DA:26,37
DA:28,7
DA:29,7
DA:31,7
DA:32,7
DA:34,10
DA:35,10
DA:37,10
DA:38,10
DA:40,3
DA:41,3
DA:44,44
DA:46,11
DA:47,11
DA:49,33
DA:50,33
DA:53,107
DA:54,1
DA:55,1
DA:60,107
DA:61,65
DA:62,56
DA:64,12
DA:67,12
DA:69,12
DA:72,12
DA:74,11
DA:77,11
DA:79,10
DA:82,10
DA:84,11
DA:87,11
DA:89,56
DA:91,9
DA:93,1
DA:94,1
DA:96,1
DA:97,1
DA:99,2
DA:100,2
DA:102,3
DA:103,3
DA:105,2
DA:106,2
DA:108,9
DA:111,107
DA:112,70
DA:113,29
DA:115,15
DA:118,15
DA:120,14
DA:123,14
DA:125,29
DA:127,41
DA:129,9
DA:130,9
DA:132,32
DA:133,32
DA:135,41
DA:138,107
DA:139,13
DA:140,13
DA:144,13
DA:145,13
DA:149,13
DA:150,13
DA:154,13
DA:158,13
DA:162,13
DA:171,4
DA:174,9
DA:184,9
DA:186,107
DA:264,4
DA:265,91
DA:269,4
DA:270,17
DA:281,9
LF:89
LH:89
BRDA:25,0,0,37
BRDA:25,0,1,7
BRDA:26,1,0,7
BRDA:26,1,1,7
BRDA:26,1,2,10
BRDA:26,1,3,10
BRDA:26,1,4,3
BRDA:44,2,0,11
BRDA:44,2,1,33
BRDA:61,3,0,56
BRDA:61,3,1,9
BRDA:62,4,0,12
BRDA:62,4,1,12
BRDA:62,4,2,11
BRDA:62,4,3,10
BRDA:62,4,4,11
BRDA:91,5,0,1
BRDA:91,5,1,1
BRDA:91,5,2,2
BRDA:91,5,3,3
BRDA:91,5,4,2
BRDA:112,6,0,29
BRDA:112,6,1,41
BRDA:113,7,0,15
BRDA:113,7,1,14
BRDA:127,8,0,9
BRDA:127,8,1,32
BRDA:162,9,0,4
BRDA:162,9,1,9
BRDA:163,10,0,13
BRDA:163,10,1,12
BRDA:163,10,2,11
BRDA:163,10,3,9
BRDA:163,10,4,6
BRDA:163,10,5,4
BRDA:163,10,6,4
BRF:36
BRH:36
end_of_record
TN:
SF:D:\CondorTrabajoenCasa\newsreact\src\components\formContainer\formData.js
FNF:0
FNH:0
DA:1,4
LF:1
LH:1
BRF:0
BRH:0
end_of_record
TN:
SF:D:\CondorTrabajoenCasa\newsreact\src\components\formContainer\index.js
FNF:0
FNH:0
LF:0
LH:0
BRF:0
BRH:0
end_of_record
TN:
SF:D:\CondorTrabajoenCasa\newsreact\src\components\header\header.js
FN:11,(anonymous_0)
FNF:1
FNH:1
FNDA:3,(anonymous_0)
DA:11,3
DA:12,3
LF:2
LH:2
BRF:0
BRH:0
end_of_record
TN:
SF:D:\CondorTrabajoenCasa\newsreact\src\components\header\index.js
FNF:0
FNH:0
LF:0
LH:0
BRF:0
BRH:0
end_of_record
TN:
SF:D:\CondorTrabajoenCasa\newsreact\src\components\modalForm\index.js
FNF:0
FNH:0
LF:0
LH:0
BRF:0
BRH:0
end_of_record
TN:
SF:D:\CondorTrabajoenCasa\newsreact\src\components\modalForm\modalForm.js
FN:5,(anonymous_0)
FN:16,(anonymous_1)
FN:50,(anonymous_2)
FN:56,(anonymous_3)
FN:58,(anonymous_4)
FNF:5
FNH:5
FNDA:10,(anonymous_0)
FNDA:1,(anonymous_1)
FNDA:11,(anonymous_2)
FNDA:6,(anonymous_3)
FNDA:1,(anonymous_4)
DA:5,3
DA:14,10
DA:16,10
DA:17,1
DA:20,10
DA:50,3
DA:51,11
DA:56,3
DA:57,6
DA:59,1
LF:10
LH:10
BRF:0
BRH:0
end_of_record
TN:
SF:D:\CondorTrabajoenCasa\newsreact\src\components\news\index.js
FNF:0
FNH:0
LF:0
LH:0
BRF:0
BRH:0
end_of_record
TN:
SF:D:\CondorTrabajoenCasa\newsreact\src\components\news\news.js
FN:4,(anonymous_0)
FNF:1
FNH:1
FNDA:10,(anonymous_0)
DA:4,5
DA:5,10
DA:6,10
DA:8,10
DA:9,1
DA:13,10
LF:6
LH:6
BRDA:8,0,0,1
BRDA:8,0,1,9
BRF:2
BRH:2
end_of_record
TN:
SF:D:\CondorTrabajoenCasa\newsreact\src\components\newsContainer\index.js
FNF:0
FNH:0
LF:0
LH:0
BRF:0
BRH:0
end_of_record
TN:
SF:D:\CondorTrabajoenCasa\newsreact\src\components\newsContainer\newsContainer.js
FN:6,(anonymous_0)
FN:16,(anonymous_1)
FNF:2
FNH:2
FNDA:11,(anonymous_0)
FNDA:40,(anonymous_1)
DA:6,4
DA:7,11
DA:8,11
DA:11,11
DA:17,40
LF:5
LH:5
BRDA:14,0,0,11
BRDA:14,0,1,10
BRDA:17,1,0,8
BRDA:17,1,1,32
BRF:4
BRH:4
end_of_record
TN:
SF:D:\CondorTrabajoenCasa\newsreact\src\components\notice\index.js
FNF:0
FNH:0
LF:0
LH:0
BRF:0
BRH:0
end_of_record
TN:
SF:D:\CondorTrabajoenCasa\newsreact\src\components\notice\notice.js
FN:4,(anonymous_0)
FN:6,(anonymous_1)
FNF:2
FNH:2
FNDA:4,(anonymous_0)
FNDA:1,(anonymous_1)
DA:4,3
DA:5,4
DA:6,4
DA:7,1
DA:8,1
DA:11,4
LF:6
LH:6
BRDA:13,0,0,4
BRDA:13,0,1,3
BRF:2
BRH:2
end_of_record
TN:
SF:D:\CondorTrabajoenCasa\newsreact\src\components\subscribe\index.js
FNF:0
FNH:0
LF:0
LH:0
BRF:0
BRH:0
end_of_record
TN:
SF:D:\CondorTrabajoenCasa\newsreact\src\components\subscribe\subscribe.js
FN:4,(anonymous_0)
FNF:1
FNH:1
FNDA:3,(anonymous_0)
DA:4,3
DA:5,3
LF:2
LH:2
BRF:0
BRH:0
end_of_record
TN:
SF:D:\CondorTrabajoenCasa\newsreact\src\controllers\data.js
FNF:0
FNH:0
DA:1,1
LF:1
LH:1
BRF:0
BRH:0
end_of_record
TN:
SF:D:\CondorTrabajoenCasa\newsreact\src\controllers\inputsController.js
FN:1,(anonymous_0)
FNF:1
FNH:1
FNDA:67,(anonymous_0)
DA:1,5
DA:2,67
DA:3,57
DA:5,10
LF:4
LH:4
BRDA:2,0,0,57
BRDA:2,0,1,10
BRF:2
BRH:2
end_of_record
TN:
SF:D:\CondorTrabajoenCasa\newsreact\src\controllers\regularExpresion.js
FN:1,(anonymous_0)
FNF:1
FNH:1
FNDA:81,(anonymous_0)
DA:1,5
DA:2,81
DA:4,27
DA:5,11
DA:7,16
DA:11,28
DA:16,10
DA:18,18
DA:22,26
LF:9
LH:9
BRDA:2,0,0,27
BRDA:2,0,1,28
BRDA:2,0,2,26
BRDA:4,1,0,11
BRDA:4,1,1,16
BRDA:11,2,0,10
BRDA:11,2,1,18
BRF:7
BRH:7
end_of_record
TN:
SF:D:\CondorTrabajoenCasa\newsreact\src\controllers\useFetch.js
FN:4,(anonymous_0)
FN:8,(anonymous_1)
FN:11,(anonymous_2)
FN:12,(anonymous_3)
FNF:4
FNH:4
FNDA:11,(anonymous_0)
FNDA:4,(anonymous_1)
FNDA:4,(anonymous_2)
FNDA:4,(anonymous_3)
DA:4,4
DA:5,11
DA:6,11
DA:8,11
DA:9,4
DA:10,4
DA:11,4
DA:13,4
DA:14,2
DA:18,11
LF:10
LH:10
BRF:0
BRH:0
end_of_record
TN:
SF:D:\CondorTrabajoenCasa\newsreact\src\redux\store.js
FNF:0
FNH:0
DA:4,4
LF:1
LH:1
BRF:0
BRH:0
end_of_record
TN:
SF:D:\CondorTrabajoenCasa\newsreact\src\redux\actions\infoFormActions.js
FN:4,(anonymous_0)
FN:10,(anonymous_1)
FNF:2
FNH:2
FNDA:1,(anonymous_0)
FNDA:1,(anonymous_1)
DA:1,5
DA:2,5
DA:4,5
DA:5,1
DA:10,5
DA:11,1
LF:6
LH:6
BRF:0
BRH:0
end_of_record
TN:
SF:D:\CondorTrabajoenCasa\newsreact\src\redux\reducers\index.js
FNF:0
FNH:0
LF:0
LH:0
BRF:0
BRH:0
end_of_record
TN:
SF:D:\CondorTrabajoenCasa\newsreact\src\redux\reducers\infoForm.js
FN:14,(anonymous_0)
FNF:1
FNH:1
FNDA:14,(anonymous_0)
DA:3,4
DA:14,4
DA:15,14
DA:17,9
DA:27,1
DA:32,4
LF:6
LH:6
BRDA:14,0,0,4
BRDA:15,1,0,9
BRDA:15,1,1,1
BRDA:15,1,2,4
BRF:4
BRH:4
end_of_record
